This is pdfTeX, Version 3.141592653-2.6-1.40.28 (MiKTeX 25.12) (preloaded format=pdflatex 2026.1.20)  15 MAY 2026 08:04
entering extended mode
 restricted \write18 enabled.
 %&-line parsing enabled.
**./anexos.tex
(anexos.tex
LaTeX2e <2025-11-01>
L3 programming layer <2025-12-29>
(C:\Users\hellc\AppData\Local\Programs\MiKTeX\tex/latex/memoir\memoir.cls
Document Class: memoir 2025/11/04 v3.8.4b configurable book, report, article do
cument class
(C:\Users\hellc\AppData\Local\Programs\MiKTeX\tex/latex/xpatch\xpatch.sty
(C:\Users\hellc\AppData\Local\Programs\MiKTeX\tex/latex/l3kernel\expl3.sty
Package: expl3 2025-12-29 L3 programming layer (loader) 

(C:\Users\hellc\AppData\Local\Programs\MiKTeX\tex/latex/l3backend\l3backend-pdf
tex.def
File: l3backend-pdftex.def 2025-10-09 L3 backend support: PDF output (pdfTeX)
\l__color_backend_stack_int=\count275
))
Package: xpatch 2020/03/25 v0.3a Extending etoolbox patching commands

(C:\Users\hellc\AppData\Local\Programs\MiKTeX\tex/latex/l3packages/xparse\xpars
e.sty
Package: xparse 2025-10-09 L3 Experimental document command parser
)
(C:\Users\hellc\AppData\Local\Programs\MiKTeX\tex/latex/etoolbox\etoolbox.sty
Package: etoolbox 2025/10/02 v2.5m e-TeX tools for LaTeX (JAW)
\etb@tempcnta=\count276
))
\onelineskip=\skip49
\lxvchars=\skip50
\xlvchars=\skip51
\@memcnta=\count277
\c@@memmarkcntra=\count278
(C:\Users\hellc\AppData\Local\Programs\MiKTeX\tex/generic/iftex\iftex.sty
Package: iftex 2024/12/12 v1.0g TeX engine tests
)
\trimtop=\skip52
\trimedge=\skip53

(C:\Users\hellc\AppData\Local\Programs\MiKTeX\tex/latex/memoir\mem12.clo
File: mem12.clo 2022/07/29 v0.5 memoir class 12pt size option
)
\binding=\skip54
\spinemargin=\skip55
\foremargin=\skip56
\uppermargin=\skip57
\lowermargin=\skip58
\headdrop=\skip59
\normalrulethickness=\skip60
\mem@maxheadheight=\skip61
\mem@maxfootheight=\skip62
\headwidth=\skip63
\c@storedpagenumber=\count279
\memPD=\dimen148
\m@mabparskip=\skip64
\thanksmarkwidth=\skip65
\thanksmarksep=\skip66
\droptitle=\skip67
\c@book=\count280
\c@part=\count281
\c@chapter=\count282
\c@section=\count283
\c@subsection=\count284
\c@subsubsection=\count285
\c@paragraph=\count286
\c@subparagraph=\count287
\beforechapskip=\skip68
\midchapskip=\skip69
\afterchapskip=\skip70
\chapindent=\skip71
\bottomsectionskip=\skip72
\secindent=\skip73
\beforesecskip=\skip74
\aftersecskip=\skip75
\subsecindent=\skip76
\beforesubsecskip=\skip77
\aftersubsecskip=\skip78
\subsubsecindent=\skip79
\beforesubsubsecskip=\skip80
\aftersubsubsecskip=\skip81
\paraindent=\skip82
\beforeparaskip=\skip83
\afterparaskip=\skip84
\subparaindent=\skip85
\beforesubparaskip=\skip86
\aftersubparaskip=\skip87
\pfbreakskip=\skip88
\c@@ppsavesec=\count288
\c@@ppsaveapp=\count289
\ragrparindent=\dimen149
\everylistparindent=\dimen150
\parsepi=\skip89
\topsepi=\skip90
\itemsepi=\skip91
\parsepii=\skip92
\topsepii=\skip93
\topsepiii=\skip94
\itemsepii=\skip95
\itemsepiii=\skip96
\partopsepii=\skip97
\partopsepiii=\skip98
\m@msavetopsep=\skip99
\m@msavepartopsep=\skip100
\@enLab=\toks17
\abstitleskip=\skip101
\absleftindent=\skip102
\abs@leftindent=\dimen151
\absrightindent=\skip103
\absparindent=\skip104
\absparsep=\skip105
\c@vslineno=\count290
\c@poemline=\count291
\c@modulo@vs=\count292
\c@memfvsline=\count293
\vleftskip=\skip106
\vrightskip=\skip107
\stanzaskip=\skip108
\versewidth=\skip109
\vgap=\skip110
\vindent=\skip111
\vleftmargin=\dimen152
\c@verse=\count294
\c@chrsinstr=\count295
\beforepoemtitleskip=\skip112
\afterpoemtitleskip=\skip113
\c@poem=\count296
\beforePoemTitleskip=\skip114
\midPoemTitleskip=\skip115
\afterPoemTitleskip=\skip116

(C:\Users\hellc\AppData\Local\Programs\MiKTeX\tex/latex/tools\array.sty
Package: array 2025/09/25 v2.6n Tabular extension package (FMi)
\col@sep=\dimen153
\ar@mcellbox=\box53
\extrarowheight=\dimen154
\NC@list=\toks18
\extratabsurround=\skip117
\backup@length=\skip118
\ar@cellbox=\box54
)
(C:\Users\hellc\AppData\Local\Programs\MiKTeX\tex/latex/tools\dcolumn.sty
Package: dcolumn 2025/10/21 v1.06 decimal alignment package (DPC)
)
(C:\Users\hellc\AppData\Local\Programs\MiKTeX\tex/latex/tools\delarray.sty
Package: delarray 2014/10/28 v1.01 array delimiter package (DPC)
)
(C:\Users\hellc\AppData\Local\Programs\MiKTeX\tex/latex/tools\tabularx.sty
Package: tabularx 2023/12/11 v2.12a `tabularx' package (DPC)
\TX@col@width=\dimen155
\TX@old@table=\dimen156
\TX@old@col=\dimen157
\TX@target=\dimen158
\TX@delta=\dimen159
\TX@cols=\count297
\TX@ftn=\toks19
)
(C:\Users\hellc\AppData\Local\Programs\MiKTeX\tex/latex/booktabs\booktabs.sty
Package: booktabs 2020/01/12 v1.61803398 Publication quality tables
\heavyrulewidth=\dimen160
\lightrulewidth=\dimen161
\cmidrulewidth=\dimen162
\belowrulesep=\dimen163
\belowbottomsep=\dimen164
\aboverulesep=\dimen165
\abovetopsep=\dimen166
\cmidrulesep=\dimen167
\cmidrulekern=\dimen168
\defaultaddspace=\dimen169
\@cmidla=\count298
\@cmidlb=\count299
\@aboverulesep=\dimen170
\@belowrulesep=\dimen171
\@thisruleclass=\count300
\@lastruleclass=\count301
\@thisrulewidth=\dimen172
)
\ctableftskip=\skip119
\ctabrightskip=\skip120
\abovecolumnspenalty=\count302
\@linestogo=\count303
\@cellstogo=\count304
\@cellsincolumn=\count305
\crtok=\toks20
\@mincolumnwidth=\dimen173
\c@newflo@tctr=\count306
\mem@margin@floatbox=\box55
\@contcwidth=\skip121
\@contindw=\skip122
\abovecaptionskip=\skip123
\belowcaptionskip=\skip124
\subfloattopskip=\skip125
\subfloatcapskip=\skip126
\subfloatcaptopadj=\skip127
\subfloatbottomskip=\skip128
\subfloatlabelskip=\skip129
\subfloatcapmargin=\dimen174
\c@@contsubnum=\count307
\m@mscap@capbox=\box56
\m@mscap@fbox=\box57
\sidecapsep=\dimen175
\sidecapwidth=\dimen176
\m@m@tempdima=\dimen177
\m@mscapraise=\dimen178
\sidecapraise=\dimen179
\m@mscapmainwidth=\dimen180
\m@mscaplkern=\dimen181
\beforeepigraphskip=\skip130
\afterepigraphskip=\skip131
\epigraphwidth=\skip132
\epigraphrule=\skip133

(C:\Users\hellc\AppData\Local\Programs\MiKTeX\tex/latex/hyperref\nameref.sty
Package: nameref 2025-06-21 v2.57 Cross-referencing by name of section

(C:\Users\hellc\AppData\Local\Programs\MiKTeX\tex/latex/refcount\refcount.sty
Package: refcount 2019/12/15 v3.6 Data extraction from label references (HO)

(C:\Users\hellc\AppData\Local\Programs\MiKTeX\tex/generic/ltxcmds\ltxcmds.sty
Package: ltxcmds 2023-12-04 v1.26 LaTeX kernel commands for general use (HO)
)
(C:\Users\hellc\AppData\Local\Programs\MiKTeX\tex/generic/infwarerr\infwarerr.s
ty
Package: infwarerr 2019/12/03 v1.5 Providing info/warning/error messages (HO)
))
(C:\Users\hellc\AppData\Local\Programs\MiKTeX\tex/generic/gettitlestring\gettit
lestring.sty
Package: gettitlestring 2019/12/15 v1.6 Cleanup title references (HO)

(C:\Users\hellc\AppData\Local\Programs\MiKTeX\tex/latex/kvoptions\kvoptions.sty
Package: kvoptions 2022-06-15 v3.15 Key value format for package options (HO)
(C:\Users\hellc\AppData\Local\Programs\MiKTeX\tex/latex/graphics\keyval.sty
Package: keyval 2022/05/29 v1.15 key=value parser (DPC)
\KV@toks@=\toks21
)
(C:\Users\hellc\AppData\Local\Programs\MiKTeX\tex/latex/kvsetkeys\kvsetkeys.sty
Package: kvsetkeys 2022-10-05 v1.19 Key value parser (HO)
)))
\c@section@level=\count308
)
\tocentryskip=\skip134
\tocbaseline=\skip135
\cftparskip=\skip136
\cftbeforebookskip=\skip137
\cftbookindent=\dimen182
\cftbooknumwidth=\dimen183
\cftbeforepartskip=\skip138
\cftpartindent=\skip139
\cftpartnumwidth=\skip140
\cftbeforechapterskip=\skip141
\cftchapterindent=\skip142
\cftchapternumwidth=\skip143
\cftbeforesectionskip=\skip144
\cftsectionindent=\skip145
\cftsectionnumwidth=\skip146
\cftbeforesubsectionskip=\skip147
\cftsubsectionindent=\skip148
\cftsubsectionnumwidth=\skip149
\cftbeforesubsubsectionskip=\skip150
\cftsubsubsectionindent=\skip151
\cftsubsubsectionnumwidth=\skip152
\cftbeforeparagraphskip=\skip153
\cftparagraphindent=\skip154
\cftparagraphnumwidth=\skip155
\cftbeforesubparagraphskip=\skip156
\cftsubparagraphindent=\skip157
\cftsubparagraphnumwidth=\skip158
\prechapterprecisshift=\dimen184
\c@maxsecnumdepth=\count309
\bibindent=\dimen185
\bibitemsep=\skip159
\indexcolsep=\skip160
\indexrule=\skip161
\indexmarkstyle=\toks22
\@indexbox=\insert252
LaTeX Info: Redefining \raggedbottom on input line 8095.
LaTeX Info: Redefining \flushbottom on input line 8099.
\glossarycolsep=\dimen186
\glossaryrule=\dimen187
\sideparvshift=\skip162
\sideins=\insert251
\sidebartopsep=\skip163
\sidebarhsep=\skip164
\sidebarvsep=\skip165
\sidebarwidth=\skip166
\footmarkwidth=\skip167
\footmarksep=\skip168
\footparindent=\skip169
\footinsdim=\skip170
\footinsv@r=\insert250
\@mpfootinsv@r=\insert249
\m@m@k=\count310
\m@m@h=\dimen188
\m@mipn@skip=\skip171
\sidefootins=\insert248
\sidefootadjust=\skip172
\sidefootheight=\skip173
\sidefoothsep=\skip174
\sidefootvsep=\skip175
\sidefootwidth=\skip176
\m@mdownsf=\skip177
\c@sidefootnote=\count311
\sidefootmarkwidth=\skip178
\sidefootmarksep=\skip179
\sidefootparindent=\skip180
\c@pagenote=\count312
\c@pagenoteshadow=\count313
\mem@pn@lastkern=\skip181
 (C:\Users\hellc\AppData\Local\Programs\MiKTeX\tex/latex/tools\verbatim.sty
Package: verbatim 2024-01-22 v1.5x LaTeX2e package for verbatim enhancements
\every@verbatim=\toks23
\verbatim@line=\toks24
\verbatim@in@stream=\read2
)
\verbatimindent=\skip182
\verbatim@out=\write3
 (C:\Users\hellc\AppData\Local\Programs\MiKTeX\tex/latex/base\shortvrb.sty
Package: shortvrb 2024/12/25 v3.0q Standard LaTeX documentation package V3 (FMi
)
)
\bvboxsep=\skip183
\c@memfbvline=\count314
\c@bvlinectr=\count315
\bvnumlength=\skip184
\fb@frw=\dimen189
\fb@frh=\dimen190
\FrameRule=\dimen191
\FrameSep=\dimen192
\c@cp@cntr=\count316
\c@ism@mctr=\count317
\c@xsm@mctr=\count318
\c@csm@mctr=\count319
\c@ksm@mctr=\count320
\c@xksm@mctr=\count321
\c@cksm@mctr=\count322
\c@msm@mctr=\count323
\c@xmsm@mctr=\count324
\c@cmsm@mctr=\count325
\c@bsm@mctr=\count326
\c@workm@mctr=\count327
\c@sheetsequence=\count328
\c@lastsheet=\count329
\c@lastpage=\count330
\c@figure=\count331
\c@lofdepth=\count332
\cftbeforefigureskip=\skip185
\cftfigureindent=\skip186
\cftfigurenumwidth=\skip187
\c@table=\count333
\c@lotdepth=\count334
\cftbeforetableskip=\skip188
\cfttableindent=\skip189
\cfttablenumwidth=\skip190
Package abstract [2008/07/23] emulated by memoir.
Package appendix [2008/07/23] emulated by memoir.
Package ccaption [2008/07/23] emulated by memoir.
Package changepage [2008/07/23] emulated by memoir.
Package chngcntr [2008/07/23] emulated by memoir.
Package chngpage [2008/07/23] emulated by memoir.
Package crop emulated by memoir.
Package enumerate [2008/07/23] emulated by memoir.
Package epigraph [2008/07/23] emulated by memoir.
Package ifmtarg [2008/07/23] emulated by memoir.
Package index [2008/07/23] emulated by memoir.
Package makeidx [2008/07/23] emulated by memoir.
Package moreverb [2008/07/23] emulated by memoir.
Package needspace [2008/07/23] emulated by memoir.
Package newfile [2008/07/23] emulated by memoir.
Package nextpage [2008/07/23] emulated by memoir.
Package pagenote [2008/07/23] emulated by memoir.
Package parskip [2008/07/23] emulated by memoir.
Package patchcmd [2008/07/23] emulated by memoir.
Package setspace [2008/07/23] emulated by memoir.
Package showidx [2008/07/23] emulated by memoir.
Package titleref [2008/07/23] emulated by memoir.
Package titling [2008/07/23] emulated by memoir.
Package tocbibind [2008/07/23] emulated by memoir.
Package tocloft [2008/07/23] emulated by memoir.
Package tocvsec2 [2008/07/23] emulated by memoir.
Package verse [2008/07/23] emulated by memoir.
)
(C:\Users\hellc\AppData\Local\Programs\MiKTeX\tex/generic/babel\babel.sty
Package: babel 2025/12/30 v25.18 The multilingual framework for LuaLaTeX, pdfLa
TeX and XeLaTeX
\babel@savecnt=\count335
LaTeX Encoding Info:    Redeclaring text command \ij (encoding OT1) on input li
ne 2068.
LaTeX Encoding Info:    Redeclaring text command \IJ (encoding OT1) on input li
ne 2070.
LaTeX Encoding Info:    Redeclaring text command \ij (encoding T1) on input lin
e 2072.
LaTeX Encoding Info:    Redeclaring text command \IJ (encoding T1) on input lin
e 2073.
LaTeX Encoding Info:    Ignoring declaration for text command \ij (encoding ?) 
on input line 2074.
LaTeX Encoding Info:    Ignoring declaration for text command \IJ (encoding ?) 
on input line 2076.
LaTeX Encoding Info:    Ignoring declaration for text command \SS (encoding ?) 
on input line 2101.
\U@D=\dimen193
\l@unhyphenated=\language79

(C:\Users\hellc\AppData\Local\Programs\MiKTeX\tex/generic/babel\txtbabel.def)
\bbl@readstream=\read3
\bbl@dirlevel=\count336
Package babel Info: Configuration files are deprecated, as
(babel)             they can break document portability.
(babel)             Reported on input line 4197.

*************************************
* Local config file bblopts.cfg used
*
(C:\Users\hellc\AppData\Local\Programs\MiKTeX\tex/latex/arabi\bblopts.cfg
File: bblopts.cfg 2005/09/08 v0.1 add Arabic and Farsi to "declared" options of
 babel
)
(C:\Users\hellc\AppData\Local\Programs\MiKTeX\tex/generic/babel/locale/es\babel
-spanish.tex)
Package babel Info: Importing font and identification data for spanish
(babel)             from babel-es.ini. Reported on input line 4321.

(C:\Users\hellc\AppData\Local\Programs\MiKTeX\tex/latex/babel-spanish\spanish.l
df
Language: spanish.ldf 2021/05/27 v5.0q Spanish support from the babel system
\es@quottoks=\toks25
\es@quotdepth=\count337
Package babel Info: Making " an active character on input line 570.
Package babel Info: Making . an active character on input line 675.
Package babel Info: Making < an active character on input line 722.
Package babel Info: Making > an active character on input line 722.
))
LaTeX Encoding Info:    Redeclaring text command \guillemotleft (encoding OT1) 
on input line 5.
LaTeX Encoding Info:    Redeclaring text command \guillemotright (encoding OT1)
 on input line 5.
LaTeX Info: Redefining \. on input line 5.
LaTeX Info: Redefining \% on input line 5.
Package babel Info: 'spanish' activates 'spanish' shorthands.
(babel)             Reported on input line 5.
 (C:\Users\hellc\AppData\Local\Programs\MiKTeX\tex/latex/base\inputenc.sty
Package: inputenc 2024/02/08 v1.3d Input encoding file
\inpenc@prehook=\toks26
\inpenc@posthook=\toks27
) (C:\Users\hellc\AppData\Local\Programs\MiKTeX\tex/latex/base\fontenc.sty
Package: fontenc 2025/07/18 v2.1d Standard LaTeX package
)
(C:\Users\hellc\AppData\Local\Programs\MiKTeX\tex/latex/lm\lmodern.sty
Package: lmodern 2015/05/01 v1.6.1 Latin Modern Fonts
LaTeX Font Info:    Overwriting symbol font `operators' in version `normal'
(Font)                  OT1/cmr/m/n --> OT1/lmr/m/n on input line 22.
LaTeX Font Info:    Overwriting symbol font `letters' in version `normal'
(Font)                  OML/cmm/m/it --> OML/lmm/m/it on input line 23.
LaTeX Font Info:    Overwriting symbol font `symbols' in version `normal'
(Font)                  OMS/cmsy/m/n --> OMS/lmsy/m/n on input line 24.
LaTeX Font Info:    Overwriting symbol font `largesymbols' in version `normal'
(Font)                  OMX/cmex/m/n --> OMX/lmex/m/n on input line 25.
LaTeX Font Info:    Overwriting symbol font `operators' in version `bold'
(Font)                  OT1/cmr/bx/n --> OT1/lmr/bx/n on input line 26.
LaTeX Font Info:    Overwriting symbol font `letters' in version `bold'
(Font)                  OML/cmm/b/it --> OML/lmm/b/it on input line 27.
LaTeX Font Info:    Overwriting symbol font `symbols' in version `bold'
(Font)                  OMS/cmsy/b/n --> OMS/lmsy/b/n on input line 28.
LaTeX Font Info:    Overwriting symbol font `largesymbols' in version `bold'
(Font)                  OMX/cmex/m/n --> OMX/lmex/m/n on input line 29.
LaTeX Font Info:    Overwriting math alphabet `\mathbf' in version `normal'
(Font)                  OT1/cmr/bx/n --> OT1/lmr/bx/n on input line 31.
LaTeX Font Info:    Overwriting math alphabet `\mathsf' in version `normal'
(Font)                  OT1/cmss/m/n --> OT1/lmss/m/n on input line 32.
LaTeX Font Info:    Overwriting math alphabet `\mathit' in version `normal'
(Font)                  OT1/cmr/m/it --> OT1/lmr/m/it on input line 33.
LaTeX Font Info:    Overwriting math alphabet `\mathtt' in version `normal'
(Font)                  OT1/cmtt/m/n --> OT1/lmtt/m/n on input line 34.
LaTeX Font Info:    Overwriting math alphabet `\mathbf' in version `bold'
(Font)                  OT1/cmr/bx/n --> OT1/lmr/bx/n on input line 35.
LaTeX Font Info:    Overwriting math alphabet `\mathsf' in version `bold'
(Font)                  OT1/cmss/bx/n --> OT1/lmss/bx/n on input line 36.
LaTeX Font Info:    Overwriting math alphabet `\mathit' in version `bold'
(Font)                  OT1/cmr/bx/it --> OT1/lmr/bx/it on input line 37.
LaTeX Font Info:    Overwriting math alphabet `\mathtt' in version `bold'
(Font)                  OT1/cmtt/m/n --> OT1/lmtt/m/n on input line 38.
)
(C:\Users\hellc\AppData\Local\Programs\MiKTeX\tex/latex/microtype\microtype.sty
Package: microtype 2025/07/09 v3.2b Micro-typographical refinements (RS)
\MT@toks=\toks28
\MT@tempbox=\box58
\MT@count=\count338
LaTeX Info: Redefining \noprotrusionifhmode on input line 1087.
LaTeX Info: Redefining \leftprotrusion on input line 1088.
\MT@prot@toks=\toks29
LaTeX Info: Redefining \rightprotrusion on input line 1107.
LaTeX Info: Redefining \textls on input line 1449.
\MT@outer@kern=\dimen194
LaTeX Info: Redefining \microtypecontext on input line 2053.
LaTeX Info: Redefining \textmicrotypecontext on input line 2070.
\MT@listname@count=\count339

(C:\Users\hellc\AppData\Local\Programs\MiKTeX\tex/latex/microtype\microtype-pdf
tex.def
File: microtype-pdftex.def 2025/07/09 v3.2b Definitions specific to pdftex (RS)

LaTeX Info: Redefining \lsstyle on input line 944.
LaTeX Info: Redefining \lslig on input line 944.
\MT@outer@space=\skip191
)
Package microtype Info: Loading configuration file microtype.cfg.

(C:\Users\hellc\AppData\Local\Programs\MiKTeX\tex/latex/microtype\microtype.cfg
File: microtype.cfg 2025/07/09 v3.2b microtype main configuration file (RS)
)
LaTeX Info: Redefining \microtypesetup on input line 3065.
)
(C:\Users\hellc\AppData\Local\Programs\MiKTeX\tex/latex/placeins\placeins.sty
Package: placeins 2005/04/18  v 2.2
)
(C:\Users\hellc\AppData\Local\Programs\MiKTeX\tex/latex/xcolor\xcolor.sty
Package: xcolor 2024/09/29 v3.02 LaTeX color extensions (UK)

(C:\Users\hellc\AppData\Local\Programs\MiKTeX\tex/latex/graphics-cfg\color.cfg
File: color.cfg 2016/01/02 v1.6 sample color configuration
)
Package xcolor Info: Driver file: pdftex.def on input line 274.

(C:\Users\hellc\AppData\Local\Programs\MiKTeX\tex/latex/graphics-def\pdftex.def
File: pdftex.def 2025/09/29 v1.2d Graphics/color driver for pdftex
)
(C:\Users\hellc\AppData\Local\Programs\MiKTeX\tex/latex/graphics\mathcolor.ltx)
Package xcolor Info: Model `cmy' substituted by `cmy0' on input line 1349.
Package xcolor Info: Model `hsb' substituted by `rgb' on input line 1353.
Package xcolor Info: Model `RGB' extended on input line 1365.
Package xcolor Info: Model `HTML' substituted by `rgb' on input line 1367.
Package xcolor Info: Model `Hsb' substituted by `hsb' on input line 1368.
Package xcolor Info: Model `tHsb' substituted by `hsb' on input line 1369.
Package xcolor Info: Model `HSB' substituted by `hsb' on input line 1370.
Package xcolor Info: Model `Gray' substituted by `gray' on input line 1371.
Package xcolor Info: Model `wave' substituted by `hsb' on input line 1372.
) (C:\Users\hellc\AppData\Local\Programs\MiKTeX\tex/latex/colortbl\colortbl.sty
Package: colortbl 2024/10/29 v1.0k Color table columns (DPC)
\everycr=\toks30
\minrowclearance=\skip192
\rownum=\count340
) (C:\Users\hellc\AppData\Local\Programs\MiKTeX\tex/latex/xtab\xtab.sty
Package: xtab 2011/07/31 v2.3f Extended supertabular package
\c@tracingst=\count341
\PWSTcapht=\dimen195
\ST@wd=\dimen196
\ST@rightskip=\skip193
\ST@leftskip=\skip194
\ST@parfillskip=\skip195
\c@PWSTtable=\count342
\PWSTlastpage=\count343
\PWSTpenultimate=\count344
\PWSTcurpage=\count345
\PWSTtempc=\count346
\PWSTlines=\count347
\PWST@lastht=\dimen197
\PWST@generalht=\dimen198
\PWST@ht=\dimen199
\ST@pageleft=\dimen256
\ST@headht=\dimen257
\ST@tailht=\dimen258
\ST@pagesofar=\dimen259
\ST@pboxht=\dimen260
\ST@lineht=\dimen261
\ST@stretchht=\dimen262
\ST@prevht=\dimen263
\ST@toadd=\dimen264
\ST@dimen=\dimen265
\ST@pbox=\box59
)
(C:\Users\hellc\AppData\Local\Programs\MiKTeX\tex/latex/multirow\multirow.sty
Package: multirow 2024/11/12 v2.9 Span multiple rows of a table
\multirow@colwidth=\skip196
\multirow@cntb=\count348
\multirow@dima=\skip197
\bigstrutjot=\dimen266
)
(C:\Users\hellc\AppData\Local\Programs\MiKTeX\tex/latex/hyperref\hyperref.sty
Package: hyperref 2025-07-12 v7.01o Hypertext links for LaTeX

(C:\Users\hellc\AppData\Local\Programs\MiKTeX\tex/generic/kvdefinekeys\kvdefine
keys.sty
Package: kvdefinekeys 2019-12-19 v1.6 Define keys (HO)
)
(C:\Users\hellc\AppData\Local\Programs\MiKTeX\tex/generic/pdfescape\pdfescape.s
ty
Package: pdfescape 2019/12/09 v1.15 Implements pdfTeX's escape features (HO)

(C:\Users\hellc\AppData\Local\Programs\MiKTeX\tex/generic/pdftexcmds\pdftexcmds
.sty
Package: pdftexcmds 2020-06-27 v0.33 Utility functions of pdfTeX for LuaTeX (HO
)
Package pdftexcmds Info: \pdf@primitive is available.
Package pdftexcmds Info: \pdf@ifprimitive is available.
Package pdftexcmds Info: \pdfdraftmode found.
))
(C:\Users\hellc\AppData\Local\Programs\MiKTeX\tex/latex/hycolor\hycolor.sty
Package: hycolor 2020-01-27 v1.10 Color options for hyperref/bookmark (HO)
)
(C:\Users\hellc\AppData\Local\Programs\MiKTeX\tex/generic/stringenc\stringenc.s
ty
Package: stringenc 2019/11/29 v1.12 Convert strings between diff. encodings (HO
)
)
\@linkdim=\dimen267
\Hy@linkcounter=\count349
\Hy@pagecounter=\count350
 (C:\Users\hellc\AppData\Local\Programs\MiKTeX\tex/latex/hyperref\pd1enc.def
File: pd1enc.def 2025-07-12 v7.01o Hyperref: PDFDocEncoding definition (HO)
Now handling font encoding PD1 ...
... no UTF-8 mapping file for font encoding PD1
) (C:\Users\hellc\AppData\Local\Programs\MiKTeX\tex/generic/intcalc\intcalc.sty
Package: intcalc 2019/12/15 v1.3 Expandable calculations with integers (HO)
)
\Hy@SavedSpaceFactor=\count351
 (C:\Users\hellc\AppData\Local\Programs\MiKTeX\tex/latex/hyperref\puenc.def
File: puenc.def 2025-07-12 v7.01o Hyperref: PDF Unicode definition (HO)
Now handling font encoding PU ...
... no UTF-8 mapping file for font encoding PU
)
Package hyperref Info: Option `colorlinks' set `true' on input line 4066.
Package hyperref Info: Hyper figures OFF on input line 4195.
Package hyperref Info: Link nesting OFF on input line 4200.
Package hyperref Info: Hyper index ON on input line 4203.
Package hyperref Info: Plain pages OFF on input line 4210.
Package hyperref Info: Backreferencing OFF on input line 4215.
Package hyperref Info: Implicit mode ON; LaTeX internals redefined.
Package hyperref Info: Bookmarks ON on input line 4462.
\c@Hy@tempcnt=\count352

(C:\Users\hellc\AppData\Local\Programs\MiKTeX\tex/latex/url\url.sty
\Urlmuskip=\muskip17
Package: url 2013/09/16  ver 3.4  Verb mode for urls, etc.
)
LaTeX Info: Redefining \url on input line 4801.
\XeTeXLinkMargin=\dimen268

(C:\Users\hellc\AppData\Local\Programs\MiKTeX\tex/generic/bitset\bitset.sty
Package: bitset 2019/12/09 v1.3 Handle bit-vector datatype (HO)

(C:\Users\hellc\AppData\Local\Programs\MiKTeX\tex/generic/bigintcalc\bigintcalc
.sty
Package: bigintcalc 2019/12/15 v1.5 Expandable calculations on big integers (HO
)
))
\Fld@menulength=\count353
\Field@Width=\dimen269
\Fld@charsize=\dimen270
Package hyperref Info: Hyper figures OFF on input line 6078.
Package hyperref Info: Link nesting OFF on input line 6083.
Package hyperref Info: Hyper index ON on input line 6086.
Package hyperref Info: backreferencing OFF on input line 6093.
Package hyperref Info: Link coloring ON on input line 6096.
Package hyperref Info: Link coloring with OCG OFF on input line 6103.
Package hyperref Info: PDF/A mode OFF on input line 6108.
\Hy@abspage=\count354
\c@Item=\count355
\c@Hfootnote=\count356
)
Package hyperref Info: Driver (autodetected): hpdftex.

(C:\Users\hellc\AppData\Local\Programs\MiKTeX\tex/latex/hyperref\hpdftex.def
File: hpdftex.def 2025-07-12 v7.01o Hyperref driver for pdfTeX
\Fld@listcount=\count357
\c@bookmark@seq@number=\count358

(C:\Users\hellc\AppData\Local\Programs\MiKTeX\tex/latex/rerunfilecheck\rerunfil
echeck.sty
Package: rerunfilecheck 2025-06-21 v1.11 Rerun checks for auxiliary files (HO)

(C:\Users\hellc\AppData\Local\Programs\MiKTeX\tex/generic/uniquecounter\uniquec
ounter.sty
Package: uniquecounter 2019/12/15 v1.4 Provide unlimited unique counter (HO)
)
Package uniquecounter Info: New unique counter `rerunfilecheck' on input line 2
84.
)
\Hy@SectionHShift=\skip198
)
(C:\Users\hellc\AppData\Local\Programs\MiKTeX\tex/latex/memoir\memhfixc.sty
Package: memhfixc 2025/09/16 v1.24 hyperref package fixes for memoir class
\c@memhycontfloat=\count359
\c@mem@Hpagenote=\count360
)
(C:\Users\hellc\AppData\Local\Programs\MiKTeX\tex/latex/glossaries/base\glossar
ies.sty
Package: glossaries 2025/11/09 v4.9 (NLCT)
 (C:\Users\hellc\AppData\Local\Programs\MiKTeX\tex/latex/base\ifthen.sty
Package: ifthen 2024/03/16 v1.1e Standard LaTeX ifthen package (DPC)
) (C:\Users\hellc\AppData\Local\Programs\MiKTeX\tex/latex/xkeyval\xkeyval.sty
Package: xkeyval 2022/06/16 v2.9 package option processing (HA)

(C:\Users\hellc\AppData\Local\Programs\MiKTeX\tex/generic/xkeyval\xkeyval.tex
(C:\Users\hellc\AppData\Local\Programs\MiKTeX\tex/generic/xkeyval\xkvutils.tex
\XKV@toks=\toks31
\XKV@tempa@toks=\toks32
)
\XKV@depth=\count361
File: xkeyval.tex 2014/12/03 v2.7a key=value parser (HA)
))
(C:\Users\hellc\AppData\Local\Programs\MiKTeX\tex/latex/mfirstuc\mfirstuc.sty
Package: mfirstuc 2025/04/03 v2.09 (NLCT)
\@glsmfirst=\toks33
\@glsmrest=\toks34
)
(C:\Users\hellc\AppData\Local\Programs\MiKTeX\tex/latex/xfor\xfor.sty
Package: xfor 2009/02/05 v1.05 (NLCT)
)
(C:\Users\hellc\AppData\Local\Programs\MiKTeX\tex/latex/amsmath\amsgen.sty
File: amsgen.sty 1999/11/30 v2.0 generic functions
\@emptytoks=\toks35
\ex@=\dimen271
)
(C:\Users\hellc\AppData\Local\Programs\MiKTeX\tex/latex/tracklang\tracklang.sty
Package: tracklang 2025/03/11 v1.6.6 (NLCT) Track Languages

(C:\Users\hellc\AppData\Local\Programs\MiKTeX\tex/generic/tracklang\tracklang.t
ex)
Package tracklang Info: Tracking dialect `spanish' (language `spanish') on inpu
t line 264.
Package tracklang Info: Tracking dialect `spanish' (language `spanish') on inpu
t line 264.
)
(C:\Users\hellc\AppData\Local\Programs\MiKTeX\tex/latex/translator\translator.s
ty
Package: translator 2021-05-31 v1.12d Easy translation of strings in LaTeX
)
(C:\Users\hellc\AppData\Local\Programs\MiKTeX\tex/latex/glossaries-spanish\glos
saries-spanish.ldf
File: glossaries-spanish.ldf 2014/11/23 v1.0

(C:\Users\hellc\AppData\Local\Programs\MiKTeX\tex/latex/glossaries-spanish\glos
saries-spanish-utf8.ldf))
(C:\Users\hellc\AppData\Local\Programs\MiKTeX\tex/latex/datatool\datatool-base.
sty
Package: datatool-base 2025/12/04 v3.4.3 (NLCT)
 (C:\Users\hellc\AppData\Local\Programs\MiKTeX\tex/latex/amsmath\amsmath.sty
Package: amsmath 2025/07/09 v2.17z AMS math features
\@mathmargin=\skip199
For additional information on amsmath, use the `?' option.
(C:\Users\hellc\AppData\Local\Programs\MiKTeX\tex/latex/amsmath\amstext.sty
Package: amstext 2024/11/17 v2.01 AMS text
)
(C:\Users\hellc\AppData\Local\Programs\MiKTeX\tex/latex/amsmath\amsbsy.sty
Package: amsbsy 1999/11/29 v1.2d Bold Symbols
\pmbraise@=\dimen272
)
(C:\Users\hellc\AppData\Local\Programs\MiKTeX\tex/latex/amsmath\amsopn.sty
Package: amsopn 2022/04/08 v2.04 operator names
)
\inf@bad=\count362
LaTeX Info: Redefining \frac on input line 233.
\uproot@=\count363
\leftroot@=\count364
LaTeX Info: Redefining \overline on input line 398.
LaTeX Info: Redefining \colon on input line 409.
\classnum@=\count365
\DOTSCASE@=\count366
LaTeX Info: Redefining \ldots on input line 495.
LaTeX Info: Redefining \dots on input line 498.
LaTeX Info: Redefining \cdots on input line 619.
\Mathstrutbox@=\box60
\strutbox@=\box61
LaTeX Info: Redefining \big on input line 721.
LaTeX Info: Redefining \Big on input line 722.
LaTeX Info: Redefining \bigg on input line 723.
LaTeX Info: Redefining \Bigg on input line 724.
\big@size=\dimen273
LaTeX Font Info:    Redeclaring font encoding OML on input line 742.
LaTeX Font Info:    Redeclaring font encoding OMS on input line 743.
\macc@depth=\count367
LaTeX Info: Redefining \bmod on input line 904.
LaTeX Info: Redefining \pmod on input line 909.
LaTeX Info: Redefining \smash on input line 939.
LaTeX Info: Redefining \relbar on input line 969.
LaTeX Info: Redefining \Relbar on input line 970.
\c@MaxMatrixCols=\count368
\dotsspace@=\muskip18
\c@parentequation=\count369
\dspbrk@lvl=\count370
\tag@help=\toks36
\row@=\count371
\column@=\count372
\maxfields@=\count373
\andhelp@=\toks37
\eqnshift@=\dimen274
\alignsep@=\dimen275
\tagshift@=\dimen276
\tagwidth@=\dimen277
\totwidth@=\dimen278
\lineht@=\dimen279
\@envbody=\toks38
\multlinegap=\skip256
\multlinetaggap=\skip257
\mathdisplay@stack=\toks39
LaTeX Info: Redefining \[ on input line 2950.
LaTeX Info: Redefining \] on input line 2951.
)
\l__datatool_tmpa_int=\count374
\l__datatool_tmpb_int=\count375
\l__datatool_tmpc_int=\count376
\l__datatool_tmpd_int=\count377
\l__datatool_count_int=\count378
\l__datatool_tmp_datatype_int=\count379
\l__datatool_tmpa_dim=\dimen280
\l__datatool_tmpb_dim=\dimen281

(C:\Users\hellc\AppData\Local\Programs\MiKTeX\tex/latex/datatool\datatool-l3fp.
def
File: datatool-l3fp.def 2025/12/04 v3.4.3 (NLCT)
)
\@dtl@toks=\toks40
\@dtl@tmpcount=\count380
\dtl@tmplength=\skip258
\l__datatool_measure_box=\box62
\dtl@sortresult=\count381

(C:\Users\hellc\AppData\Local\Programs\MiKTeX\tex/latex/datatool\datatool-utf8.
ldf
File: datatool-utf8.ldf 2025/12/04 v3.4.3 (NLCT)
)
\@dtl@datatype=\count382
\c_datatool_unknown_int=\count383
\l__datatool_year_int=\count384
\l__datatool_month_int=\count385
\l__datatool_day_int=\count386
\l__datatool_hour_int=\count387
\l__datatool_minute_int=\count388
\l__datatool_second_int=\count389
\l__datatool_tzhour_int=\count390
\l__datatool_tzminute_int=\count391
\l__datatool_julian_int=\count392
\l__datatool_local_julian_int=\count393
\l__datatool_prefix_int=\count394
\l__datatool_suffix_int=\count395
\@dtl@foreach@level=\count396


Package tracklang Warning: No `datatool' support for dialect `spanish'  on inpu
t line 9924.

\dtl@codeA=\count397
\dtl@codeB=\count398
)
\gls@level=\count399
\@gls@tmpb=\toks41
\gls@tmplen=\skip259


Package glossaries Warning: Overriding \printglossary on input line 6495.

\l__glossaries_tmpa_dim=\dimen282
\l__glossaries_tmpb_dim=\dimen283

Package glossaries Warning: Overriding `theglossary' environment on input line 
7694.

\glskeylisttok=\toks42
\glslabeltok=\toks43
\glsshorttok=\toks44
\glslongtok=\toks45

(C:\Users\hellc\AppData\Local\Programs\MiKTeX\tex/latex/glossaries/styles\gloss
ary-hypernav.sty
Package: glossary-hypernav 2025/11/09 v4.9 (NLCT)
)
(C:\Users\hellc\AppData\Local\Programs\MiKTeX\tex/latex/glossaries/styles\gloss
ary-list.sty
Package: glossary-list 2025/11/09 v4.9 (NLCT)
\glslistdottedwidth=\skip260
)
(C:\Users\hellc\AppData\Local\Programs\MiKTeX\tex/latex/glossaries/styles\gloss
ary-long.sty
Package: glossary-long 2025/11/09 v4.9 (NLCT)

(C:\Users\hellc\AppData\Local\Programs\MiKTeX\tex/latex/tools\longtable.sty
Package: longtable 2025-10-13 v4.24 Multi-page Table package (DPC)
\LTleft=\skip261
\LTright=\skip262
\LTpre=\skip263
\LTpost=\skip264
\LTchunksize=\count400
\LTcapwidth=\dimen284
\LT@head=\box63
\LT@firsthead=\box64
\LT@foot=\box65
\LT@lastfoot=\box66
\LT@gbox=\box67
\LT@cols=\count401
\LT@rows=\count402
\c@LT@tables=\count403
\c@LT@chunks=\count404
\LT@p@ftn=\toks46
)
\glsdescwidth=\skip265
\glspagelistwidth=\skip266
)
(C:\Users\hellc\AppData\Local\Programs\MiKTeX\tex/latex/glossaries/styles\gloss
ary-tree.sty
Package: glossary-tree 2025/11/09 v4.9 (NLCT)
\l__glossaries_tree_max_known_level_int=\count405
\l__glossaries_tree_offset_dim=\dimen285
\l__glossaries_tree_namewidth_dim=\dimen286
\l__glossaries_tree_symbolwidth_dim=\dimen287
\l__glossaries_tree_prenamesym_width_dim=\dimen288
\l__glossaries_tree_presubnamesym_width_dim=\dimen289
\l__glossaries_tree_namewidth_padding_dim=\dimen290
\l__glossaries_tree_symbolwidth_padding_dim=\dimen291
\l__glossaries_tree_namesymbolwidth_dim=\dimen292
\l__glossaries_tree_namesymbolwidth_padding_dim=\dimen293
\l__glossaries_tree_level_int=\count406
\glstreeindent=\skip267
))
(C:\Users\hellc\AppData\Local\Programs\MiKTeX\tex/latex/graphics\graphicx.sty
Package: graphicx 2024/12/31 v1.2e Enhanced LaTeX Graphics (DPC,SPQR)

(C:\Users\hellc\AppData\Local\Programs\MiKTeX\tex/latex/graphics\graphics.sty
Package: graphics 2024/08/06 v1.4g Standard LaTeX Graphics (DPC,SPQR)

(C:\Users\hellc\AppData\Local\Programs\MiKTeX\tex/latex/graphics\trig.sty
Package: trig 2023/12/02 v1.11 sin cos tan (DPC)
)
(C:\Users\hellc\AppData\Local\Programs\MiKTeX\tex/latex/graphics-cfg\graphics.c
fg
File: graphics.cfg 2016/06/04 v1.11 sample graphics configuration
)
Package graphics Info: Driver file: pdftex.def on input line 106.
)
\Gin@req@height=\dimen294
\Gin@req@width=\dimen295
) (C:\Users\hellc\AppData\Local\Programs\MiKTeX\tex/latex/float\float.sty
Package: float 2001/11/08 v1.3d Float enhancements (AL)
\c@float@type=\count407
\float@exts=\toks47
\float@box=\box68
\@float@everytoks=\toks48
\@floatcapt=\box69
)
(C:\Users\hellc\AppData\Local\Programs\MiKTeX\tex/latex/seqsplit\seqsplit.sty
Package: seqsplit 2006/08/07 v0.1 Splitting long sequences (DNA, RNA, proteins,
 etc.) 
)
LaTeX Font Info:    Trying to load font information for T1+lmr on input line 41
1.

(C:\Users\hellc\AppData\Local\Programs\MiKTeX\tex/latex/lm\t1lmr.fd
File: t1lmr.fd 2015/05/01 v1.6.1 Font defs for Latin Modern
)
(anexos.aux
LaTeX Info: Redefining \. on input line 12.
LaTeX Info: Redefining \% on input line 12.
LaTeX Info: Redefining \. on input line 16.
LaTeX Info: Redefining \% on input line 16.
 (tex/A_Plan_proyecto.aux
\g__glossaries_gls_ref_acronym_int=\count408
\g__glossaries_gls_ref_main_int=\count409
) (tex/B_Requisitos.aux) (tex/C_Diseno.aux) (tex/D_Manual_programador.aux) (tex
/E_Manual_usuario.aux) (tex/F_ODS.aux))
\openout1 = `anexos.aux'.

LaTeX Font Info:    Checking defaults for OML/cmm/m/it on input line 411.
LaTeX Font Info:    ... okay on input line 411.
LaTeX Font Info:    Checking defaults for OMS/cmsy/m/n on input line 411.
LaTeX Font Info:    ... okay on input line 411.
LaTeX Font Info:    Checking defaults for OT1/cmr/m/n on input line 411.
LaTeX Font Info:    ... okay on input line 411.
LaTeX Font Info:    Checking defaults for T1/cmr/m/n on input line 411.
LaTeX Font Info:    ... okay on input line 411.
LaTeX Font Info:    Checking defaults for TS1/cmr/m/n on input line 411.
LaTeX Font Info:    ... okay on input line 411.
LaTeX Font Info:    Checking defaults for OMX/cmex/m/n on input line 411.
LaTeX Font Info:    ... okay on input line 411.
LaTeX Font Info:    Checking defaults for U/cmr/m/n on input line 411.
LaTeX Font Info:    ... okay on input line 411.
LaTeX Font Info:    Checking defaults for PD1/pdf/m/n on input line 411.
LaTeX Font Info:    ... okay on input line 411.
LaTeX Font Info:    Checking defaults for PU/pdf/m/n on input line 411.
LaTeX Font Info:    ... okay on input line 411.
LaTeX Info: Redefining \. on input line 411.
LaTeX Info: Redefining \% on input line 411.
LaTeX Info: Redefining \microtypecontext on input line 411.
Package microtype Info: Applying patch `item' on input line 411.
Package microtype Info: Applying patch `toc' on input line 411.
Package microtype Info: Applying patch `eqnum' on input line 411.
Package microtype Info: Applying patch `footnote' on input line 411.
Package microtype Info: Applying patch `verbatim' on input line 411.
LaTeX Info: Redefining \microtypesetup on input line 411.
Package microtype Info: Generating PDF output.
Package microtype Info: Character protrusion enabled (level 2).
Package microtype Info: Using default protrusion set `alltext'.
Package microtype Info: Automatic font expansion enabled (level 2),
(microtype)             stretch: 20, shrink: 20, step: 1, non-selected.
Package microtype Info: Using default expansion set `alltext-nott'.
Package microtype Info: Patching command `\showhyphens'.
Package microtype Info: No adjustment of tracking.
Package microtype Info: No adjustment of interword spacing.
Package microtype Info: No adjustment of character kerning.

(C:\Users\hellc\AppData\Local\Programs\MiKTeX\tex/latex/microtype\mt-cmr.cfg
File: mt-cmr.cfg 2013/05/19 v2.2 microtype config. file: Computer Modern Roman 
(RS)
)
(C:\Users\hellc\AppData\Local\Programs\MiKTeX\tex/context/base/mkii\supp-pdf.mk
ii
[Loading MPS to PDF converter (version 2006.09.02).]
\scratchcounter=\count410
\scratchdimen=\dimen296
\scratchbox=\box70
\nofMPsegments=\count411
\nofMParguments=\count412
\everyMPshowfont=\toks49
\MPscratchCnt=\count413
\MPscratchDim=\dimen297
\MPnumerator=\count414
\makeMPintoPDFobject=\count415
\everyMPtoPDFconversion=\toks50
)
(C:\Users\hellc\AppData\Local\Programs\MiKTeX\tex/latex/epstopdf-pkg\epstopdf-b
ase.sty
Package: epstopdf-base 2020-01-24 v2.11 Base part for package epstopdf
Package epstopdf-base Info: Redefining graphics rule for `.eps' on input line 4
85.

(C:\Users\hellc\AppData\Local\Programs\MiKTeX\tex/latex/00miktex\epstopdf-sys.c
fg
File: epstopdf-sys.cfg 2021/03/18 v2.0 Configuration of epstopdf for MiKTeX
))
Package hyperref Info: Link coloring ON on input line 411.
 (anexos.out) (anexos.out)
\@outlinefile=\write4
\openout4 = `anexos.out'.

<./img/cabecera.pdf, id=127, 617.67549pt x 135.51413pt>
File: ./img/cabecera.pdf Graphic file (type pdf)
<use ./img/cabecera.pdf>
Package pdftex.def Info: ./img/cabecera.pdf  used on input line 413.
(pdftex.def)             Requested size: 383.0pt x 84.02823pt.
LaTeX Font Info:    Trying to load font information for OT1+lmr on input line 4
13.

(C:\Users\hellc\AppData\Local\Programs\MiKTeX\tex/latex/lm\ot1lmr.fd
File: ot1lmr.fd 2015/05/01 v1.6.1 Font defs for Latin Modern
)
LaTeX Font Info:    Trying to load font information for OML+lmm on input line 4
13.

(C:\Users\hellc\AppData\Local\Programs\MiKTeX\tex/latex/lm\omllmm.fd
File: omllmm.fd 2015/05/01 v1.6.1 Font defs for Latin Modern
)
LaTeX Font Info:    Trying to load font information for OMS+lmsy on input line 
413.

(C:\Users\hellc\AppData\Local\Programs\MiKTeX\tex/latex/lm\omslmsy.fd
File: omslmsy.fd 2015/05/01 v1.6.1 Font defs for Latin Modern
)
LaTeX Font Info:    Trying to load font information for OMX+lmex on input line 
413.

(C:\Users\hellc\AppData\Local\Programs\MiKTeX\tex/latex/lm\omxlmex.fd
File: omxlmex.fd 2015/05/01 v1.6.1 Font defs for Latin Modern
)
LaTeX Font Info:    External font `lmex10' loaded for size
(Font)              <12> on input line 413.
LaTeX Font Info:    External font `lmex10' loaded for size
(Font)              <8> on input line 413.
LaTeX Font Info:    External font `lmex10' loaded for size
(Font)              <6> on input line 413.
<./img/escudoInfor.pdf, id=128, 618.11432pt x 737.07487pt>
File: ./img/escudoInfor.pdf Graphic file (type pdf)
<use ./img/escudoInfor.pdf>
Package pdftex.def Info: ./img/escudoInfor.pdf  used on input line 413.
(pdftex.def)             Requested size: 76.59883pt x 91.3356pt.

Overfull \hbox (27.54143pt too wide) in paragraph at lines 413--413
[][][][][][][] $[]$ 
 []

[1

{C:/Users/hellc/AppData/Local/MiKTeX/fonts/map/pdftex/pdftex.map}{C:/Users/hell
c/AppData/Local/Programs/MiKTeX/fonts/enc/dvips/lm/lm-ec.enc} <./img/cabecera.p
df> <./img/escudoInfor.pdf

pdfTeX warning: pdflatex.exe (file ./img/escudoInfor.pdf): PDF inclusion: multi
ple pdfs with page group included in a single page
>] [2

]
LaTeX Font Info:    Trying to load font information for T1+lmss on input line 4
32.
 (C:\Users\hellc\AppData\Local\Programs\MiKTeX\tex/latex/lm\t1lmss.fd
File: t1lmss.fd 2015/05/01 v1.6.1 Font defs for Latin Modern
)
Package microtype Info: Loading generic protrusion settings for font family
(microtype)             `lmss' (encoding: T1).
(microtype)             For optimal results, create family-specific settings.
(microtype)             See the microtype manual for details.

(anexos.toc
LaTeX Info: Redefining \. on input line 1.
LaTeX Info: Redefining \% on input line 1.
LaTeX Info: Redefining \. on input line 2.
LaTeX Info: Redefining \% on input line 2.


LaTeX Font Warning: Font shape `T1/lmr/bx/sc' undefined
(Font)              using `T1/lmr/bx/n' instead on input line 3.

Package microtype Info: Character `029' is missing
(microtype)             in font `T1/lmr/m/sc/12'.
(microtype)             Ignoring protrusion settings for this character.
[1



])
LaTeX Info: Redefining \. on input line 433.
LaTeX Info: Redefining \% on input line 433.
Package babel Info: 'spanish' activates 'spanish' shorthands.
(babel)             Reported on input line 433.


Class memoir Warning: The material used in the headers is too large
(15.35403pt) for the given head height (14.5pt), it is recommended to
either increase the head height or redesign the header
(in both cases you will find help in the memoir manual). on input line 433.


Overfull \vbox (0.85403pt too high) has occurred while \output is active []


[2] (anexos.lof
LaTeX Info: Redefining \. on input line 1.
LaTeX Info: Redefining \% on input line 1.
LaTeX Info: Redefining \. on input line 2.
LaTeX Info: Redefining \% on input line 2.
) [3

] (anexos.lot
LaTeX Info: Redefining \. on input line 1.
LaTeX Info: Redefining \% on input line 1.
LaTeX Info: Redefining \. on input line 2.
LaTeX Info: Redefining \% on input line 2.
) [4

]
\openout2 = `./tex/A_Plan_proyecto.aux'.

 (tex/A_Plan_proyecto.tex
Ap\'{e}ndice A.
LaTeX Font Info:    Font shape `T1/lmss/m/it' in size <17.28> not available
(Font)              Font shape `T1/lmss/m/sl' tried instead on input line 1.

Overfull \hbox (31.30666pt too wide) in paragraph at lines 32--32
 [] 
 []


Underfull \vbox (badness 5331) has occurred while \output is active []


pdfTeX warning (ext4): destination with the same identifier (name{page.1}) has 
been already used, duplicate ignored
<to be read again> 
                   \relax 
l.32 }
       [1




]
LaTeX Info: Redefining \. on input line 47.
LaTeX Info: Redefining \% on input line 47.

pdfTeX warning (ext4): destination with the same identifier (name{page.2}) has 
been already used, duplicate ignored
<to be read again> 
                   \relax 
l.47 
      [2
pdfTeX warning (ext4): destination with the same identifier (name{table.Alph1.1
}) has been already used, duplicate ignored
<argument> ...shipout:D \box_use:N \l_shipout_box 
                                                  \__shipout_drop_firstpage_...
l.47 
     ]
LaTeX Info: Redefining \. on input line 71.
LaTeX Info: Redefining \% on input line 71.
 [3]
LaTeX Info: Redefining \. on input line 98.
LaTeX Info: Redefining \% on input line 98.
 [4]
LaTeX Font Info:    Trying to load font information for T1+lmtt on input line 1
11.

(C:\Users\hellc\AppData\Local\Programs\MiKTeX\tex/latex/lm\t1lmtt.fd
File: t1lmtt.fd 2015/05/01 v1.6.1 Font defs for Latin Modern
)
Package microtype Info: Loading generic protrusion settings for font family
(microtype)             `lmtt' (encoding: T1).
(microtype)             For optimal results, create family-specific settings.
(microtype)             See the microtype manual for details.
LaTeX Info: Redefining \. on input line 125.
LaTeX Info: Redefining \% on input line 125.
 [5]
LaTeX Info: Redefining \. on input line 146.
LaTeX Info: Redefining \% on input line 146.

[6]
LaTeX Info: Redefining \. on input line 171.
LaTeX Info: Redefining \% on input line 171.
 [7]
LaTeX Font Info:    Trying to load font information for TS1+lmr on input line 1
94.
 (C:\Users\hellc\AppData\Local\Programs\MiKTeX\tex/latex/lm\ts1lmr.fd
File: ts1lmr.fd 2015/05/01 v1.6.1 Font defs for Latin Modern
)
LaTeX Info: Redefining \. on input line 209.
LaTeX Info: Redefining \% on input line 209.

[8{C:/Users/hellc/AppData/Local/Programs/MiKTeX/fonts/enc/dvips/lm/lm-ts1.enc}
pdfTeX warning (ext4): destination with the same identifier (name{table.Alph1.2
}) has been already used, duplicate ignored
<argument> ...shipout:D \box_use:N \l_shipout_box 
                                                  \__shipout_drop_firstpage_...
l.209 
      ]
Overfull \hbox (88.63718pt too wide) in paragraph at lines 245--245
 [] 
 []

LaTeX Info: Redefining \. on input line 246.
LaTeX Info: Redefining \% on input line 246.
[9
pdfTeX warning (ext4): destination with the same identifier (name{table.Alph1.3
}) has been already used, duplicate ignored
<argument> ...shipout:D \box_use:N \l_shipout_box 
                                                  \__shipout_drop_firstpage_...
l.246 
      
pdfTeX warning (ext4): destination with the same identifier (name{table.Alph1.4
}) has been already used, duplicate ignored
<argument> ...shipout:D \box_use:N \l_shipout_box 
                                                  \__shipout_drop_firstpage_...
l.246 
      ])
LaTeX Info: Redefining \. on input line 447.
LaTeX Info: Redefining \% on input line 447.
 [10
pdfTeX warning (ext4): destination with the same identifier (name{table.Alph1.5
}) has been already used, duplicate ignored
<argument> ...shipout:D \box_use:N \l_shipout_box 
                                                  \__shipout_drop_firstpage_...
l.447 \include{./tex/A_Plan_proyecto}
                                     ]
\openout2 = `./tex/B_Requisitos.aux'.

 (tex/B_Requisitos.tex
Ap\'{e}ndice B.
[11




]
LaTeX Info: Redefining \. on input line 37.
LaTeX Info: Redefining \% on input line 37.
 [12]
LaTeX Info: Redefining \. on input line 53.
LaTeX Info: Redefining \% on input line 53.
 [13]
LaTeX Info: Redefining \. on input line 67.
LaTeX Info: Redefining \% on input line 67.
 [14]
LaTeX Info: Redefining \. on input line 79.
LaTeX Info: Redefining \% on input line 79.
 [15]
Overfull \hbox (24.79257pt too wide) in paragraph at lines 113--113
[]|\T1/lmr/bx/sc/12 (-20) Responsabilidades| 
 []


Underfull \hbox (badness 10000) in paragraph at lines 120--120
[]|\T1/lmr/bx/sc/12 (+20) Relaciones
 []

LaTeX Info: Redefining \. on input line 125.
LaTeX Info: Redefining \% on input line 125.
[16]
Overfull \hbox (24.79257pt too wide) in paragraph at lines 137--137
[]|\T1/lmr/bx/sc/12 (-20) Responsabilidades| 
 []


Underfull \hbox (badness 10000) in paragraph at lines 144--144
[]|\T1/lmr/bx/sc/12 (+20) Relaciones
 []


Underfull \vbox (badness 10000) has occurred while \output is active []

LaTeX Info: Redefining \. on input line 149.
LaTeX Info: Redefining \% on input line 149.
 [17
pdfTeX warning (ext4): destination with the same identifier (name{table.Alph2.1
}) has been already used, duplicate ignored
<argument> ...shipout:D \box_use:N \l_shipout_box 
                                                  \__shipout_drop_firstpage_...
l.149 
      ]
Overfull \hbox (24.79257pt too wide) in paragraph at lines 161--161
[]|\T1/lmr/bx/sc/12 (-20) Responsabilidades| 
 []


Underfull \hbox (badness 10000) in paragraph at lines 168--168
[]|\T1/lmr/bx/sc/12 (+20) Relaciones
 []


Underfull \vbox (badness 10000) has occurred while \output is active []

LaTeX Info: Redefining \. on input line 173.
LaTeX Info: Redefining \% on input line 173.
 [18
pdfTeX warning (ext4): destination with the same identifier (name{table.Alph2.2
}) has been already used, duplicate ignored
<argument> ...shipout:D \box_use:N \l_shipout_box 
                                                  \__shipout_drop_firstpage_...
l.173 
      ]
Overfull \hbox (24.79257pt too wide) in paragraph at lines 185--185
[]|\T1/lmr/bx/sc/12 (-20) Responsabilidades| 
 []


Underfull \hbox (badness 10000) in paragraph at lines 191--191
[]|\T1/lmr/bx/sc/12 (+20) Relaciones
 []


Underfull \vbox (badness 10000) has occurred while \output is active []

LaTeX Info: Redefining \. on input line 196.
LaTeX Info: Redefining \% on input line 196.
 [19
pdfTeX warning (ext4): destination with the same identifier (name{table.Alph2.3
}) has been already used, duplicate ignored
<argument> ...shipout:D \box_use:N \l_shipout_box 
                                                  \__shipout_drop_firstpage_...
l.196 
      ]
Underfull \hbox (badness 10000) in paragraph at lines 216--216
[]|\T1/lmr/bx/sc/12 (+20) Requisitos
 []


Underfull \vbox (badness 10000) has occurred while \output is active []

LaTeX Info: Redefining \. on input line 234.
LaTeX Info: Redefining \% on input line 234.
 [20
pdfTeX warning (ext4): destination with the same identifier (name{table.Alph2.4
}) has been already used, duplicate ignored
<argument> ...shipout:D \box_use:N \l_shipout_box 
                                                  \__shipout_drop_firstpage_...
l.234 
      ]
Underfull \hbox (badness 10000) in paragraph at lines 244--244
[]|\T1/lmr/bx/sc/12 (+20) Requisitos
 []


Underfull \vbox (badness 10000) has occurred while \output is active []

LaTeX Info: Redefining \. on input line 262.
LaTeX Info: Redefining \% on input line 262.
 [21
pdfTeX warning (ext4): destination with the same identifier (name{table.Alph2.5
}) has been already used, duplicate ignored
<argument> ...shipout:D \box_use:N \l_shipout_box 
                                                  \__shipout_drop_firstpage_...
l.262 
      ]
Underfull \hbox (badness 10000) in paragraph at lines 272--272
[]|\T1/lmr/bx/sc/12 (+20) Requisitos
 []


Underfull \vbox (badness 10000) has occurred while \output is active []

LaTeX Info: Redefining \. on input line 293.
LaTeX Info: Redefining \% on input line 293.
 [22
pdfTeX warning (ext4): destination with the same identifier (name{table.Alph2.6
}) has been already used, duplicate ignored
<argument> ...shipout:D \box_use:N \l_shipout_box 
                                                  \__shipout_drop_firstpage_...
l.293 
      ]
Overfull \vbox (32.88422pt too high) has occurred while \output is active []

LaTeX Info: Redefining \. on input line 293.
LaTeX Info: Redefining \% on input line 293.

[23
pdfTeX warning (ext4): destination with the same identifier (name{table.Alph2.7
}) has been already used, duplicate ignored
<argument> ...shipout:D \box_use:N \l_shipout_box 
                                                  \__shipout_drop_firstpage_...
l.293 
      ]
Underfull \hbox (badness 10000) in paragraph at lines 303--303
[]|\T1/lmr/bx/sc/12 (+20) Requisitos
 []


Underfull \hbox (badness 10000) in paragraph at lines 331--331
[]|\T1/lmr/bx/sc/12 (+20) Requisitos
 []


Underfull \vbox (badness 10000) has occurred while \output is active []

LaTeX Info: Redefining \. on input line 349.
LaTeX Info: Redefining \% on input line 349.
 [24
pdfTeX warning (ext4): destination with the same identifier (name{table.Alph2.8
}) has been already used, duplicate ignored
<argument> ...shipout:D \box_use:N \l_shipout_box 
                                                  \__shipout_drop_firstpage_...
l.349 
      ]
Underfull \hbox (badness 10000) in paragraph at lines 359--359
[]|\T1/lmr/bx/sc/12 (+20) Requisitos
 []


Underfull \vbox (badness 10000) has occurred while \output is active []

LaTeX Info: Redefining \. on input line 377.
LaTeX Info: Redefining \% on input line 377.
 [25
pdfTeX warning (ext4): destination with the same identifier (name{table.Alph2.9
}) has been already used, duplicate ignored
<argument> ...shipout:D \box_use:N \l_shipout_box 
                                                  \__shipout_drop_firstpage_...
l.377 
      ]
Underfull \hbox (badness 10000) in paragraph at lines 387--387
[]|\T1/lmr/bx/sc/12 (+20) Requisitos
 []


Underfull \hbox (badness 2662) in paragraph at lines 388--389
[]|\T1/lmr/m/n/12 (+20) El ad-mi-nis-tra-dor ańa-de nue-vos pa-res síntoma--
 []


Underfull \vbox (badness 10000) has occurred while \output is active []

LaTeX Info: Redefining \. on input line 406.
LaTeX Info: Redefining \% on input line 406.
 [26
pdfTeX warning (ext4): destination with the same identifier (name{table.Alph2.1
0}) has been already used, duplicate ignored
<argument> ...shipout:D \box_use:N \l_shipout_box 
                                                  \__shipout_drop_firstpage_...
l.406 
      ]
Underfull \hbox (badness 10000) in paragraph at lines 416--416
[]|\T1/lmr/bx/sc/12 (+20) Requisitos
 []


Underfull \vbox (badness 10000) has occurred while \output is active []

LaTeX Info: Redefining \. on input line 434.
LaTeX Info: Redefining \% on input line 434.
 [27
pdfTeX warning (ext4): destination with the same identifier (name{table.Alph2.1
1}) has been already used, duplicate ignored
<argument> ...shipout:D \box_use:N \l_shipout_box 
                                                  \__shipout_drop_firstpage_...
l.434 
      ]
Underfull \hbox (badness 10000) in paragraph at lines 444--444
[]|\T1/lmr/bx/sc/12 (+20) Requisitos
 []

)
Underfull \vbox (badness 10000) has occurred while \output is active []

LaTeX Info: Redefining \. on input line 448.
LaTeX Info: Redefining \% on input line 448.
 [28
pdfTeX warning (ext4): destination with the same identifier (name{table.Alph2.1
2}) has been already used, duplicate ignored
<argument> ...shipout:D \box_use:N \l_shipout_box 
                                                  \__shipout_drop_firstpage_...
l.448 \include{./tex/B_Requisitos}
                                  ]
LaTeX Info: Redefining \. on input line 448.
LaTeX Info: Redefining \% on input line 448.
 [29
pdfTeX warning (ext4): destination with the same identifier (name{table.Alph2.1
3}) has been already used, duplicate ignored
<argument> ...shipout:D \box_use:N \l_shipout_box 
                                                  \__shipout_drop_firstpage_...
l.448 \include{./tex/B_Requisitos}
                                  ]
\openout2 = `./tex/C_Diseno.aux'.

 (tex/C_Diseno.tex [30




]
Ap\'{e}ndice C.
[31]
LaTeX Info: Redefining \. on input line 31.
LaTeX Info: Redefining \% on input line 31.
 [32]
<./img/diagrama_entidades.png, id=948, 659.46375pt x 959.585pt>
File: ./img/diagrama_entidades.png Graphic file (type png)
<use ./img/diagrama_entidades.png>
Package pdftex.def Info: ./img/diagrama_entidades.png  used on input line 32.
(pdftex.def)             Requested size: 344.69766pt x 501.57872pt.
LaTeX Info: Redefining \. on input line 39.
LaTeX Info: Redefining \% on input line 39.
 [33
pdfTeX warning (ext4): destination with the same identifier (name{figure.Alph3.
1}) has been already used, duplicate ignored
<argument> ...shipout:D \box_use:N \l_shipout_box 
                                                  \__shipout_drop_firstpage_...
l.39 
      <./img/diagrama_entidades.png (PNG copy)>]
<./img/arquitectura_capas.png, id=954, 1218.5525pt x 765.86125pt>
File: ./img/arquitectura_capas.png Graphic file (type png)
<use ./img/arquitectura_capas.png>
Package pdftex.def Info: ./img/arquitectura_capas.png  used on input line 40.
(pdftex.def)             Requested size: 344.69766pt x 216.63667pt.
LaTeX Font Info:    Font shape `T1/lmtt/bx/n' in size <12> not available
(Font)              Font shape `T1/lmtt/b/n' tried instead on input line 45.
LaTeX Info: Redefining \. on input line 48.
LaTeX Info: Redefining \% on input line 48.
 [34
pdfTeX warning (ext4): destination with the same identifier (name{figure.Alph3.
2}) has been already used, duplicate ignored
<argument> ...shipout:D \box_use:N \l_shipout_box 
                                                  \__shipout_drop_firstpage_...
l.48 	\item \textbf
                   {Datos compartidos} (\texttt{Datos/}, \texttt{logs/}, \te...
 <./img/arquitectura_capas.png (PNG copy)>]
Overfull \hbox (3.82426pt too wide) in paragraph at lines 56--57
[]\T1/lmr/m/n/12 (-20) El pa-cien-te con-ser-va la op-ción de for-zar un mo-de-
lo con-cre-to del \T1/lmtt/m/n/12 selectbox\T1/lmr/m/n/12 (-20) ,
 []

LaTeX Info: Redefining \. on input line 70.
LaTeX Info: Redefining \% on input line 70.
[35]
<./img/arquitectura_despliegue.png, id=969, 1141.26375pt x 778.91pt>
File: ./img/arquitectura_despliegue.png Graphic file (type png)
<use ./img/arquitectura_despliegue.png>
Package pdftex.def Info: ./img/arquitectura_despliegue.png  used on input line 
74.
(pdftex.def)             Requested size: 344.69766pt x 235.25554pt.
LaTeX Info: Redefining \. on input line 85.
LaTeX Info: Redefining \% on input line 85.
 [36
pdfTeX warning (ext4): destination with the same identifier (name{figure.Alph3.
3}) has been already used, duplicate ignored
<argument> ...shipout:D \box_use:N \l_shipout_box 
                                                  \__shipout_drop_firstpage_...
l.85 
      <./img/arquitectura_despliegue.png (PNG copy)>]
<./img/secuencia_triaje.png, id=976, 898.35625pt x 1176.395pt>
File: ./img/secuencia_triaje.png Graphic file (type png)
<use ./img/secuencia_triaje.png>
Package pdftex.def Info: ./img/secuencia_triaje.png  used on input line 98.
(pdftex.def)             Requested size: 344.69766pt x 451.37874pt.


LaTeX Warning: `!h' float specifier changed to `!ht'.

LaTeX Info: Redefining \. on input line 98.
LaTeX Info: Redefining \% on input line 98.
[37]
LaTeX Info: Redefining \. on input line 105.
LaTeX Info: Redefining \% on input line 105.
 [38
pdfTeX warning (ext4): destination with the same identifier (name{figure.Alph3.
4}) has been already used, duplicate ignored
<argument> ...shipout:D \box_use:N \l_shipout_box 
                                                  \__shipout_drop_firstpage_...
l.105 	\item C
              ada mĂłdulo carga su modelo serializado con \texttt{joblib}, p...
 <./img/secuencia_triaje.png (PNG copy)>]
<./img/secuencia_ampliacion.png, id=991, 685.56125pt x 1094.0875pt>
File: ./img/secuencia_ampliacion.png Graphic file (type png)
<use ./img/secuencia_ampliacion.png>
Package pdftex.def Info: ./img/secuencia_ampliacion.png  used on input line 114
.
(pdftex.def)             Requested size: 344.69766pt x 550.11418pt.


LaTeX Warning: `!h' float specifier changed to `!ht'.

LaTeX Info: Redefining \. on input line 114.
LaTeX Info: Redefining \% on input line 114.
[39]
LaTeX Info: Redefining \. on input line 114.
LaTeX Info: Redefining \% on input line 114.
 [40
pdfTeX warning (ext4): destination with the same identifier (name{figure.Alph3.
5}) has been already used, duplicate ignored
<argument> ...shipout:D \box_use:N \l_shipout_box 
                                                  \__shipout_drop_firstpage_...
l.114 ... de secuencia - AmpliaciĂłn de sĂ­ntomas}
                                                   <./img/secuencia_ampliacion.
png (PNG copy)>]
<./img/secuencia_fallback.png, id=1006, 919.435pt x 949.5475pt>
File: ./img/secuencia_fallback.png Graphic file (type png)
<use ./img/secuencia_fallback.png>
Package pdftex.def Info: ./img/secuencia_fallback.png  used on input line 130.
(pdftex.def)             Requested size: 344.69766pt x 355.99251pt.


LaTeX Warning: `!h' float specifier changed to `!ht'.

LaTeX Info: Redefining \. on input line 130.
LaTeX Info: Redefining \% on input line 130.
[41

]
Overfull \hbox (6.40549pt too wide) in paragraph at lines 134--135
[]\T1/lmr/m/n/12 (-20) Al con-fir-mar cual-quie-ra de las dos op-cio-nes, \T1/l
mtt/m/n/12 app.py \T1/lmr/m/n/12 (-20) in-vo-ca \T1/lmtt/m/n/12 registrar_log
 []


Underfull \vbox (badness 10000) has occurred while \output is active []

LaTeX Info: Redefining \. on input line 139.
LaTeX Info: Redefining \% on input line 139.
 [42
pdfTeX warning (ext4): destination with the same identifier (name{figure.Alph3.
6}) has been already used, duplicate ignored
<argument> ...shipout:D \box_use:N \l_shipout_box 
                                                  \__shipout_drop_firstpage_...
l.139 
       <./img/secuencia_fallback.png (PNG copy)>]
<./img/secuencia_anadir_sintoma.png, id=1016, 702.625pt x 810.02625pt>
File: ./img/secuencia_anadir_sintoma.png Graphic file (type png)
<use ./img/secuencia_anadir_sintoma.png>
Package pdftex.def Info: ./img/secuencia_anadir_sintoma.png  used on input line
 146.
(pdftex.def)             Requested size: 344.69766pt x 397.39838pt.


LaTeX Warning: `!h' float specifier changed to `!ht'.

LaTeX Info: Redefining \. on input line 146.
LaTeX Info: Redefining \% on input line 146.
[43]
Underfull \vbox (badness 10000) has occurred while \output is active []

LaTeX Info: Redefining \. on input line 153.
LaTeX Info: Redefining \% on input line 153.
 [44
pdfTeX warning (ext4): destination with the same identifier (name{figure.Alph3.
7}) has been already used, duplicate ignored
<argument> ...shipout:D \box_use:N \l_shipout_box 
                                                  \__shipout_drop_firstpage_...
l.153 
       <./img/secuencia_anadir_sintoma.png (PNG copy)>]
<./img/secuencia_revisar_log.png, id=1028, 1083.04625pt x 974.64125pt>
File: ./img/secuencia_revisar_log.png Graphic file (type png)
<use ./img/secuencia_revisar_log.png>
Package pdftex.def Info: ./img/secuencia_revisar_log.png  used on input line 15
4.
(pdftex.def)             Requested size: 344.69766pt x 310.19618pt.

Overfull \hbox (45.26828pt too wide) in paragraph at lines 156--157
\T1/lmr/m/n/12 (-20) la con so-lo \T1/lmr/m/it/12 (-20) sym-ptoms_text \T1/lmr/
m/n/12 (-20) y \T1/lmr/m/it/12 (-20) spe-cialty \T1/lmr/m/n/12 (-20) al fi-che-
ro \T1/lmtt/m/n/12 Datos/triajes_baja_confianza_re-
 []


Underfull \vbox (badness 10000) has occurred while \output is active []

LaTeX Info: Redefining \. on input line 161.
LaTeX Info: Redefining \% on input line 161.
 [45
pdfTeX warning (ext4): destination with the same identifier (name{figure.Alph3.
8}) has been already used, duplicate ignored
<argument> ...shipout:D \box_use:N \l_shipout_box 
                                                  \__shipout_drop_firstpage_...
l.161 
       <./img/secuencia_revisar_log.png (PNG copy)>]
<./img/secuencia_reentrenamiento.png, id=1034, 1164.35pt x 1156.32pt>
File: ./img/secuencia_reentrenamiento.png Graphic file (type png)
<use ./img/secuencia_reentrenamiento.png>
Package pdftex.def Info: ./img/secuencia_reentrenamiento.png  used on input lin
e 162.
(pdftex.def)             Requested size: 344.69766pt x 342.31123pt.
LaTeX Info: Redefining \. on input line 169.
LaTeX Info: Redefining \% on input line 169.
 [46
pdfTeX warning (ext4): destination with the same identifier (name{figure.Alph3.
9}) has been already used, duplicate ignored
<argument> ...shipout:D \box_use:N \l_shipout_box 
                                                  \__shipout_drop_firstpage_...
l.169 	\item C
              aptura la salida estĂˇndar y la de error; si el cĂłdigo de ret...
 <./img/secuencia_reentrenamiento.png (PNG copy)>]
<./img/secuencia_login_admin.png, id=1041, 1179.40625pt x 981.6675pt>
File: ./img/secuencia_login_admin.png Graphic file (type png)
<use ./img/secuencia_login_admin.png>
Package pdftex.def Info: ./img/secuencia_login_admin.png  used on input line 17
8.
(pdftex.def)             Requested size: 344.69766pt x 286.90816pt.
)
LaTeX Info: Redefining \. on input line 449.
LaTeX Info: Redefining \% on input line 449.
 [47
pdfTeX warning (ext4): destination with the same identifier (name{figure.Alph3.
10}) has been already used, duplicate ignored
<argument> ...shipout:D \box_use:N \l_shipout_box 
                                                  \__shipout_drop_firstpage_...
l.449 \include{./tex/C_Diseno}
                               <./img/secuencia_login_admin.png (PNG copy)>]
LaTeX Info: Redefining \. on input line 449.
LaTeX Info: Redefining \% on input line 449.

[48]
\openout2 = `./tex/D_Manual_programador.aux'.

 (tex/D_Manual_programador.tex
Ap\'{e}ndice D.

Underfull \vbox (badness 10000) has occurred while \output is active []

 [49




]
Overfull \hbox (66.30635pt too wide) in paragraph at lines 18--21
\T1/lmr/m/n/12 (-20) (\T1/lmtt/m/n/12 Dataset.5000.Registros.Marz.ID.Sintomas.E
nfermedad.Especialidad.csv\T1/lmr/m/n/12 (-20) )
 []


Overfull \hbox (72.76372pt too wide) in paragraph at lines 22--23
[]\T1/lmtt/m/n/12 /TF_IDF\T1/lmr/m/n/12 (-20) : con-tie-ne \T1/lmtt/m/n/12 tf_i
df.py \T1/lmr/m/n/12 (-20) con la fun-ción de in-fe-ren-cia y \T1/lmtt/m/n/12 g
enerarModeloTFIDF.py\T1/lmr/m/n/12 (-20) ,
 []

LaTeX Info: Redefining \. on input line 31.
LaTeX Info: Redefining \% on input line 31.
[50]
LaTeX Info: Redefining \. on input line 66.
LaTeX Info: Redefining \% on input line 66.
 [51]
LaTeX Info: Redefining \. on input line 103.
LaTeX Info: Redefining \% on input line 103.
 [52]
Overfull \hbox (68.71078pt too wide) in paragraph at lines 132--133
[]\T1/lmr/m/n/12 (-20) Lo más sen-ci-llo pa-ra una ins-ta-la-ción lo-cal es cre
ar el fi-che-ro \T1/lmtt/m/n/12 .streamlit/secrets.toml
 []

LaTeX Info: Redefining \. on input line 144.
LaTeX Info: Redefining \% on input line 144.
[53]
LaTeX Info: Redefining \. on input line 166.
LaTeX Info: Redefining \% on input line 166.
 [54]
LaTeX Info: Redefining \. on input line 198.
LaTeX Info: Redefining \% on input line 198.
 [55]
Overfull \hbox (12.02348pt too wide) in paragraph at lines 207--208
[]\T1/lmr/m/n/12 (-20) En la pan-ta-lla de re-sul-ta-do apa-re-ce una ta-bla ge
-ne-ra-da con \T1/lmtt/m/n/12 pd.DataFrame
 []

LaTeX Info: Redefining \. on input line 216.
LaTeX Info: Redefining \% on input line 216.
[56]
LaTeX Info: Redefining \. on input line 236.
LaTeX Info: Redefining \% on input line 236.
 [57]
LaTeX Info: Redefining \. on input line 257.
LaTeX Info: Redefining \% on input line 257.
 [58]
LaTeX Info: Redefining \. on input line 283.
LaTeX Info: Redefining \% on input line 283.
 [59]
Overfull \hbox (22.60298pt too wide) in paragraph at lines 284--285
[]\T1/lmr/m/n/12 (-20) Logs an-ti-guos sin la co-lum-na \T1/lmtt/m/n/12 motivo\
T1/lmr/m/n/12 (-20) . La fun-ción \T1/lmtt/m/n/12 _asegurar_header_log()
 []

)
LaTeX Info: Redefining \. on input line 450.
LaTeX Info: Redefining \% on input line 450.
 [60]
\openout2 = `./tex/E_Manual_usuario.aux'.

 (tex/E_Manual_usuario.tex
Ap\'{e}ndice E.

Underfull \vbox (badness 1939) has occurred while \output is active []

 [61




]
LaTeX Info: Redefining \. on input line 46.
LaTeX Info: Redefining \% on input line 46.

[62]
Overfull \hbox (45.29596pt too wide) in paragraph at lines 70--71
[]\T1/lmr/m/n/12 (-20) En Li-nux o ma-cOS la se-gun-da lí-nea se sus-ti-tu-ye p
or \T1/lmtt/m/n/12 source .venv/bin/activate\T1/lmr/m/n/12 (-20) .
 []

LaTeX Info: Redefining \. on input line 77.
LaTeX Info: Redefining \% on input line 77.
[63]
LaTeX Info: Redefining \. on input line 107.
LaTeX Info: Redefining \% on input line 107.
 [64]

LaTeX Warning: Reference `fig:sidebar_navegacion' on page 65 undefined on input
 line 119.

<./img/AnexoE/sidebar_navegacion.png, id=1192, 304.13625pt x 546.04pt>
File: ./img/AnexoE/sidebar_navegacion.png Graphic file (type png)
<use ./img/AnexoE/sidebar_navegacion.png>
Package pdftex.def Info: ./img/AnexoE/sidebar_navegacion.png  used on input lin
e 121.
(pdftex.def)             Requested size: 344.69766pt x 618.88437pt.

LaTeX Warning: Float too large for page by 58.21768pt on input line 121.


LaTeX Warning: `!h' float specifier changed to `!ht'.

LaTeX Info: Redefining \. on input line 121.
LaTeX Info: Redefining \% on input line 121.
[65]
LaTeX Info: Redefining \. on input line 121.
LaTeX Info: Redefining \% on input line 121.
 [66
pdfTeX warning (ext4): destination with the same identifier (name{figure.Alph5.
1}) has been already used, duplicate ignored
<argument> ...shipout:D \box_use:N \l_shipout_box 
                                                  \__shipout_drop_firstpage_...
l.121 ...l con la sesiĂłn de administrador activa}
                                                  {0.45} <./img/AnexoE/sidebar_
navegacion.png>]
<./img/AnexoE/triaje_inicial.png, id=1202, 969.6225pt x 648.4225pt>
File: ./img/AnexoE/triaje_inicial.png Graphic file (type png)
<use ./img/AnexoE/triaje_inicial.png>
Package pdftex.def Info: ./img/AnexoE/triaje_inicial.png  used on input line 12
7.
(pdftex.def)             Requested size: 344.69766pt x 230.51315pt.
LaTeX Info: Redefining \. on input line 140.
LaTeX Info: Redefining \% on input line 140.
 [67


pdfTeX warning (ext4): destination with the same identifier (name{figure.Alph5.
2}) has been already used, duplicate ignored
<argument> ...shipout:D \box_use:N \l_shipout_box 
                                                  \__shipout_drop_firstpage_...
l.140 \subsubsection
                    *{SelecciĂłn del motor de clasificaciĂłn} <./img/AnexoE/tri
aje_inicial.png>]

LaTeX Warning: Reference `fig:triaje_ampliacion' on page 68 undefined on input 
line 160.

LaTeX Info: Redefining \. on input line 161.
LaTeX Info: Redefining \% on input line 161.
[68{C:/Users/hellc/AppData/Local/Programs/MiKTeX/fonts/enc/dvips/lm/lm-mathit.e
nc}]
<./img/AnexoE/triaje_ampliacion.png, id=1223, 742.775pt x 756.8275pt>
File: ./img/AnexoE/triaje_ampliacion.png Graphic file (type png)
<use ./img/AnexoE/triaje_ampliacion.png>
Package pdftex.def Info: ./img/AnexoE/triaje_ampliacion.png  used on input line
 162.
(pdftex.def)             Requested size: 344.69766pt x 351.22826pt.
LaTeX Info: Redefining \. on input line 169.
LaTeX Info: Redefining \% on input line 169.
 [69
pdfTeX warning (ext4): destination with the same identifier (name{figure.Alph5.
3}) has been already used, duplicate ignored
<argument> ...shipout:D \box_use:N \l_shipout_box 
                                                  \__shipout_drop_firstpage_...
l.169 	\item P
              ulsar \textit{Reintentar triaje} para volver a clasificar con ...
 <./img/AnexoE/triaje_ampliacion.png>]

LaTeX Warning: Reference `fig:triaje_seleccion_manual' on page 70 undefined on 
input line 177.

<./img/AnexoE/triaje_seleccion_manual.png, id=1229, 853.1875pt x 649.42625pt>
File: ./img/AnexoE/triaje_seleccion_manual.png Graphic file (type png)
<use ./img/AnexoE/triaje_seleccion_manual.png>
Package pdftex.def Info: ./img/AnexoE/triaje_seleccion_manual.png  used on inpu
t line 179.
(pdftex.def)             Requested size: 344.69766pt x 262.38199pt.
LaTeX Info: Redefining \. on input line 185.
LaTeX Info: Redefining \% on input line 185.
[70
pdfTeX warning (ext4): destination with the same identifier (name{figure.Alph5.
4}) has been already used, duplicate ignored
<argument> ...shipout:D \box_use:N \l_shipout_box 
                                                  \__shipout_drop_firstpage_...
l.185 	\item \textbf
                    {OpciĂłn 2}: elegir manualmente otra especialidad desde ...
 <./img/AnexoE/triaje_seleccion_manual.png>]

LaTeX Warning: Reference `fig:admin_configuracion' on page 71 undefined on inpu
t line 198.

<./img/AnexoE/admin_configuracion.png, id=1235, 828.09375pt x 416.55624pt>
File: ./img/AnexoE/admin_configuracion.png Graphic file (type png)
<use ./img/AnexoE/admin_configuracion.png>
Package pdftex.def Info: ./img/AnexoE/admin_configuracion.png  used on input li
ne 200.
(pdftex.def)             Requested size: 344.69766pt x 173.39517pt.

LaTeX Warning: `!h' float specifier changed to `!ht'.

LaTeX Info: Redefining \. on input line 200.
LaTeX Info: Redefining \% on input line 200.
[71]
Overfull \hbox (25.24294pt too wide) in paragraph at lines 209--210
[]\T1/lmr/m/n/12 (-20) Al pul-sar \T1/lmr/m/it/12 (-20) Guar-dar con-fi-gu-ra-c
ión \T1/lmr/m/n/12 (-20) los nue-vos va-lo-res se es-cri-ben en \T1/lmtt/m/n/12
 config.json\T1/lmr/m/n/12 (-20) ,
 []


LaTeX Warning: Reference `fig:admin_anadir_registros' on page 72 undefined on i
nput line 213.

<./img/AnexoE/admin_anadir_registros.png, id=1242, 786.94pt x 579.16376pt>
File: ./img/AnexoE/admin_anadir_registros.png Graphic file (type png)
<use ./img/AnexoE/admin_anadir_registros.png>
Package pdftex.def Info: ./img/AnexoE/admin_anadir_registros.png  used on input
 line 215.
(pdftex.def)             Requested size: 344.69766pt x 253.68399pt.

LaTeX Warning: `!h' float specifier changed to `!ht'.

LaTeX Info: Redefining \. on input line 215.
LaTeX Info: Redefining \% on input line 215.
[72
pdfTeX warning (ext4): destination with the same identifier (name{figure.Alph5.
5}) has been already used, duplicate ignored
<argument> ...shipout:D \box_use:N \l_shipout_box 
                                                  \__shipout_drop_firstpage_...
l.215 ...nuevos pares de sĂ­ntomas y especialidad}
                                                  {0.7} <./img/AnexoE/admin_con
figuracion.png>]
Overfull \hbox (394.77261pt too wide) in paragraph at lines 226--227
[]\T1/lmr/m/n/12 (-20) Al pul-sar \T1/lmr/m/it/12 (-20) Guar-dar re-gis-tro\T1/
lmr/m/n/12 (-20) , el ca-so se ańa-de al fi-che-ro prin-ci-pal \T1/lmtt/m/n/12 
Datos/Dataset.5000.Registros.Marz.ID.Sintomas.Enfermedad.Especialidad.csv\T1/lm
r/m/n/12 (-20) ,
 []


LaTeX Warning: Reference `fig:admin_regenerar_modelos' on page 73 undefined on 
input line 230.

LaTeX Info: Redefining \. on input line 231.
LaTeX Info: Redefining \% on input line 231.
[73
pdfTeX warning (ext4): destination with the same identifier (name{figure.Alph5.
6}) has been already used, duplicate ignored
<argument> ...shipout:D \box_use:N \l_shipout_box 
                                                  \__shipout_drop_firstpage_...
l.231 
       <./img/AnexoE/admin_anadir_registros.png>]
<./img/AnexoE/admin_regenerar_modelos.png, id=1253, 805.0075pt x 359.3425pt>
File: ./img/AnexoE/admin_regenerar_modelos.png Graphic file (type png)
<use ./img/AnexoE/admin_regenerar_modelos.png>
Package pdftex.def Info: ./img/AnexoE/admin_regenerar_modelos.png  used on inpu
t line 232.
(pdftex.def)             Requested size: 344.69766pt x 153.86725pt.


LaTeX Warning: Reference `fig:admin_log_revision' on page 74 undefined on input
 line 245.

LaTeX Info: Redefining \. on input line 246.
LaTeX Info: Redefining \% on input line 246.
[74
pdfTeX warning (ext4): destination with the same identifier (name{figure.Alph5.
7}) has been already used, duplicate ignored
<argument> ...shipout:D \box_use:N \l_shipout_box 
                                                  \__shipout_drop_firstpage_...
l.246 
       <./img/AnexoE/admin_regenerar_modelos.png>]
<./img/AnexoE/admin_log_revision.png, id=1265, 770.88pt x 894.34125pt>
File: ./img/AnexoE/admin_log_revision.png Graphic file (type png)
<use ./img/AnexoE/admin_log_revision.png>
Package pdftex.def Info: ./img/AnexoE/admin_log_revision.png  used on input lin
e 247.
(pdftex.def)             Requested size: 344.69766pt x 399.89793pt.
LaTeX Info: Redefining \. on input line 253.
LaTeX Info: Redefining \% on input line 253.
 [75
pdfTeX warning (ext4): destination with the same identifier (name{figure.Alph5.
8}) has been already used, duplicate ignored
<argument> ...shipout:D \box_use:N \l_shipout_box 
                                                  \__shipout_drop_firstpage_...
l.253 	\item P
              ulsar \textit{AĂ±adir a datos} para volcar el caso etiquetado ...
 <./img/AnexoE/admin_log_revision.png>]
Overfull \hbox (173.43495pt too wide) in paragraph at lines 253--254
[]\T1/lmr/m/n/12 (-20) Pulsar \T1/lmr/m/it/12 (-20) Ańa-dir a da-tos \T1/lmr/m/
n/12 (-20) pa-ra vol-car el ca-so eti-que-ta-do a \T1/lmtt/m/n/12 Datos/triajes
_baja_confianza_revisados.csv\T1/lmr/m/n/12 (-20) . 
 []

)
LaTeX Info: Redefining \. on input line 451.
LaTeX Info: Redefining \% on input line 451.
 [76]
\openout2 = `./tex/F_ODS.aux'.

 (tex/F_ODS.tex
Ap\'{e}ndice F.

Overfull \hbox (19.4857pt too wide) in paragraph at lines 7--8
\T1/lmtt/m/n/12 wp -[] content / uploads / 2020 / 02 / Directrices _ Sostenibli
dad _ Crue2012 . pdf$[][]\T1/lmr/m/n/12 (-20) . 
 []

) [77




]

Package glossaries Info: Preparing to sort glossary `acronym' (total number of
(glossaries)             referenced entries: 6)

[78



]

Package glossaries Info: Preparing to sort glossary `main' (total number of
(glossaries)             referenced entries: 6)

[79

] [80

] [81

] (anexos.bbl
LaTeX Info: Redefining \. on input line 1.
LaTeX Info: Redefining \% on input line 1.
 [82]
bibitemlist
)

Class memoir Warning: The material used in the headers is too large
(15.35403pt) for the given head height (14.5pt), it is recommended to
either increase the head height or redesign the header
(in both cases you will find help in the memoir manual). on input line 460.

[83

]
\tf@toc=\write5
\openout5 = `anexos.toc'.

\tf@lof=\write6
\openout6 = `anexos.lof'.

\tf@lot=\write7
\openout7 = `anexos.lot'.

 (anexos.aux
LaTeX Info: Redefining \. on input line 12.
LaTeX Info: Redefining \% on input line 12.
LaTeX Info: Redefining \. on input line 16.
LaTeX Info: Redefining \% on input line 16.
 (tex/A_Plan_proyecto.aux) (tex/B_Requisitos.aux)
(tex/C_Diseno.aux) (tex/D_Manual_programador.aux) (tex/E_Manual_usuario.aux)
(tex/F_ODS.aux))
 ***********
LaTeX2e <2025-11-01>
L3 programming layer <2020/03/25>
 ***********


LaTeX Font Warning: Some font shapes were not available, defaults substituted.


LaTeX Warning: There were undefined references.

Package rerunfilecheck Info: File `anexos.out' has not changed.
(rerunfilecheck)             Checksum: 3AAB93D06606A97D0CB504F7509E610F;5238.
 ) 
Here is how much of TeX's memory you used:
 26181 strings out of 467870
 480845 string characters out of 5418355
 1006304 words of memory out of 5000000
 54081 multiletter control sequences out of 15000+600000
 719384 words of font info for 223 fonts, out of 8000000 for 9000
 1141 hyphenation exceptions out of 8191
 85i,13n,93p,2496b,890s stack positions out of 10000i,1000n,20000p,200000b,200000s

pdfTeX warning (dest): name{figure.Alph2.2} has been referenced but does not ex
ist, replaced by a fixed one


pdfTeX warning (dest): name{figure.Alph2.1} has been referenced but does not ex
ist, replaced by a fixed one

<C:/Users/hellc/AppData/Local/Programs/MiKTeX/fonts/type1/public/lm/lmbx12.pfb>
<C:/Users/hellc/AppData/Local/Programs/MiKTeX/fonts/type1/public/lm/lmcsc10.pfb
><C:/Users/hellc/AppData/Local/Programs/MiKTeX/fonts/type1/public/lm/lmmi12.pfb
><C:/Users/hellc/AppData/Local/Programs/MiKTeX/fonts/type1/public/lm/lmr12.pfb>
<C:/Users/hellc/AppData/Local/Programs/MiKTeX/fonts/type1/public/lm/lmr17.pfb><
C:/Users/hellc/AppData/Local/Programs/MiKTeX/fonts/type1/public/lm/lmr8.pfb><C:
/Users/hellc/AppData/Local/Programs/MiKTeX/fonts/type1/public/lm/lmri12.pfb><C:
/Users/hellc/AppData/Local/Programs/MiKTeX/fonts/type1/public/lm/lmri8.pfb><C:/
Users/hellc/AppData/Local/Programs/MiKTeX/fonts/type1/public/lm/lmro12.pfb><C:/
Users/hellc/AppData/Local/Programs/MiKTeX/fonts/type1/public/lm/lmssbx10.pfb><C
:/Users/hellc/AppData/Local/Programs/MiKTeX/fonts/type1/public/lm/lmsso17.pfb><
C:/Users/hellc/AppData/Local/Programs/MiKTeX/fonts/type1/public/lm/lmtk10.pfb><
C:/Users/hellc/AppData/Local/Programs/MiKTeX/fonts/type1/public/lm/lmtt12.pfb>
Output written on anexos.pdf (89 pages, 1961942 bytes).
PDF statistics:
 1527 PDF objects out of 1728 (max. 8388607)
 332 named destinations out of 1000 (max. 500000)
 52573 words of extra memory for PDF output out of 61914 (max. 10000000)

