\BOOKMARK [0][-]{chapter*.1}{\376\377\000\315\000n\000d\000i\000c\000e\000\040\000g\000e\000n\000e\000r\000a\000l}{}% 1
\BOOKMARK [0][-]{chapter*.2}{\376\377\000\315\000n\000d\000i\000c\000e\000\040\000d\000e\000\040\000f\000i\000g\000u\000r\000a\000s}{}% 2
\BOOKMARK [0][-]{chapter*.3}{\376\377\000\315\000n\000d\000i\000c\000e\000\040\000d\000e\000\040\000t\000a\000b\000l\000a\000s}{}% 3
\BOOKMARK [0][-]{chapter*.5}{\376\377\0001\000.\000\040\000I\000n\000t\000r\000o\000d\000u\000c\000c\000i\000\363\000n}{}% 4
\BOOKMARK [1][-]{section.1.1}{\376\377\000L\000a\000\040\000c\000r\000i\000s\000i\000s\000\040\000d\000e\000\040\000a\000c\000c\000e\000s\000i\000b\000i\000l\000i\000d\000a\000d\000\040\000y\000\040\000l\000a\000\040\000n\000e\000c\000e\000s\000i\000d\000a\000d\000\040\000d\000e\000\040\000u\000n\000\040\000t\000r\000i\000a\000j\000e\000\040\000f\000r\000u\000g\000a\000l}{chapter*.5}% 5
\BOOKMARK [1][-]{section.1.2}{\376\377\000E\000s\000t\000a\000d\000o\000\040\000d\000e\000l\000\040\000a\000r\000t\000e\000:\000\040\000D\000e\000\040\000l\000o\000s\000\040\000e\000n\000f\000o\000q\000u\000e\000s\000\040\000c\000e\000n\000t\000r\000a\000l\000i\000z\000a\000d\000o\000s\000\040\000a\000\040\000l\000a\000\040\000I\000A\000\040\000s\000o\000s\000t\000e\000n\000i\000b\000l\000e}{chapter*.5}% 6
\BOOKMARK [1][-]{section.1.3}{\376\377\000J\000u\000s\000t\000i\000f\000i\000c\000a\000c\000i\000\363\000n\000\040\000t\000e\000c\000n\000o\000l\000\363\000g\000i\000c\000a\000\040\000y\000\040\000e\000n\000f\000o\000q\000u\000e\000\040\000d\000e\000l\000\040\000p\000r\000o\000y\000e\000c\000t\000o}{chapter*.5}% 7
\BOOKMARK [0][-]{chapter*.7}{\376\377\0002\000.\000\040\000O\000b\000j\000e\000t\000i\000v\000o\000s\000\040\000d\000e\000l\000\040\000p\000r\000o\000y\000e\000c\000t\000o}{}% 8
\BOOKMARK [1][-]{section.2.1}{\376\377\000O\000b\000j\000e\000t\000i\000v\000o\000s\000\040\000G\000e\000n\000e\000r\000a\000l\000e\000s}{chapter*.7}% 9
\BOOKMARK [1][-]{section.2.2}{\376\377\000O\000b\000j\000e\000t\000i\000v\000o\000s\000\040\000f\000u\000n\000c\000i\000o\000n\000a\000l\000e\000s}{chapter*.7}% 10
\BOOKMARK [1][-]{section.2.3}{\376\377\000O\000b\000j\000e\000t\000i\000v\000o\000s\000\040\000n\000o\000\040\000f\000u\000n\000c\000i\000o\000n\000a\000l\000e\000s}{chapter*.7}% 11
\BOOKMARK [1][-]{section.2.4}{\376\377\000O\000b\000j\000e\000t\000i\000v\000o\000s\000\040\000p\000e\000r\000s\000o\000n\000a\000l\000e\000s}{chapter*.7}% 12
\BOOKMARK [0][-]{chapter*.24}{\376\377\0003\000.\000\040\000C\000o\000n\000c\000e\000p\000t\000o\000s\000\040\000t\000e\000\363\000r\000i\000c\000o\000s}{}% 13
\BOOKMARK [1][-]{section.3.1}{\376\377\000C\000l\000a\000s\000i\000f\000i\000c\000a\000c\000i\000\363\000n\000\040\000s\000u\000p\000e\000r\000v\000i\000s\000a\000d\000a\000\040\000e\000n\000\040\000t\000e\000x\000t\000o\000\040\000c\000l\000\355\000n\000i\000c\000o}{chapter*.24}% 14
\BOOKMARK [1][-]{section.3.2}{\376\377\000P\000r\000e\000p\000r\000o\000c\000e\000s\000a\000m\000i\000e\000n\000t\000o\000\040\000l\000i\000n\000g\000\374\000\355\000s\000t\000i\000c\000o\000\040\000y\000\040\000n\000o\000r\000m\000a\000l\000i\000z\000a\000c\000i\000\363\000n}{chapter*.24}% 15
\BOOKMARK [1][-]{section.3.3}{\376\377\000R\000e\000p\000r\000e\000s\000e\000n\000t\000a\000c\000i\000\363\000n\000\040\000v\000e\000c\000t\000o\000r\000i\000a\000l\000\040\000m\000e\000d\000i\000a\000n\000t\000e\000\040\000T\000F\000-\000I\000D\000F}{chapter*.24}% 16
\BOOKMARK [1][-]{section.3.4}{\376\377\000R\000e\000d\000u\000c\000c\000i\000\363\000n\000\040\000d\000e\000\040\000d\000i\000m\000e\000n\000s\000i\000o\000n\000a\000l\000i\000d\000a\000d\000\040\000c\000o\000n\000\040\000T\000r\000u\000n\000c\000a\000t\000e\000d\000S\000V\000D}{chapter*.24}% 17
\BOOKMARK [1][-]{section.3.5}{\376\377\000C\000l\000a\000s\000i\000f\000i\000c\000a\000c\000i\000\363\000n\000\040\000m\000e\000d\000i\000a\000n\000t\000e\000\040\000M\000\341\000q\000u\000i\000n\000a\000s\000\040\000d\000e\000\040\000V\000e\000c\000t\000o\000r\000\040\000d\000e\000\040\000S\000o\000p\000o\000r\000t\000e}{chapter*.24}% 18
\BOOKMARK [1][-]{section.3.6}{\376\377\000C\000l\000a\000s\000i\000f\000i\000c\000a\000c\000i\000\363\000n\000\040\000m\000e\000d\000i\000a\000n\000t\000e\000\040\000P\000e\000r\000c\000e\000p\000t\000r\000\363\000n\000\040\000M\000u\000l\000t\000i\000c\000a\000p\000a}{chapter*.24}% 19
\BOOKMARK [1][-]{section.3.7}{\376\377\000O\000p\000t\000i\000m\000i\000z\000a\000c\000i\000\363\000n\000\040\000d\000e\000\040\000h\000i\000p\000e\000r\000p\000a\000r\000\341\000m\000e\000t\000r\000o\000s\000\040\000y\000\040\000e\000v\000a\000l\000u\000a\000c\000i\000\363\000n}{chapter*.24}% 20
\BOOKMARK [1][-]{section.3.8}{\376\377\000D\000e\000c\000i\000s\000i\000\363\000n\000\040\000c\000o\000n\000\040\000u\000m\000b\000r\000a\000l\000\040\000d\000e\000\040\000c\000o\000n\000f\000i\000a\000n\000z\000a\000\040\000y\000\040\000d\000e\000r\000i\000v\000a\000c\000i\000\363\000n\000\040\000a\000\040\000a\000t\000e\000n\000c\000i\000\363\000n\000\040\000g\000e\000n\000e\000r\000a\000l}{chapter*.24}% 21
\BOOKMARK [1][-]{section.3.9}{\376\377\000C\000a\000p\000t\000u\000r\000a\000\040\000d\000e\000\040\000s\000\355\000n\000t\000o\000m\000a\000s\000\040\000p\000o\000r\000\040\000v\000o\000z}{chapter*.24}% 22
\BOOKMARK [1][-]{section.3.10}{\376\377\000I\000A\000\040\000F\000r\000u\000g\000a\000l\000\040\000y\000\040\000E\000d\000g\000e\000\040\000A\000I}{chapter*.24}% 23
\BOOKMARK [1][-]{section.3.11}{\376\377\000C\000o\000n\000c\000l\000u\000s\000i\000o\000n\000e\000s\000\040\000d\000e\000l\000\040\000c\000a\000p\000\355\000t\000u\000l\000o}{chapter*.24}% 24
\BOOKMARK [0][-]{chapter*.28}{\376\377\0004\000.\000\040\000T\000\351\000c\000n\000i\000c\000a\000s\000\040\000y\000\040\000h\000e\000r\000r\000a\000m\000i\000e\000n\000t\000a\000s}{}% 25
\BOOKMARK [0][-]{chapter*.30}{\376\377\0005\000.\000\040\000A\000s\000p\000e\000c\000t\000o\000s\000\040\000r\000e\000l\000e\000v\000a\000n\000t\000e\000s\000\040\000d\000e\000l\000\040\000d\000e\000s\000a\000r\000r\000o\000l\000l\000o\000\040\000d\000e\000l\000\040\000p\000r\000o\000y\000e\000c\000t\000o}{}% 26
\BOOKMARK [0][-]{chapter*.32}{\376\377\0006\000.\000\040\000T\000r\000a\000b\000a\000j\000o\000s\000\040\000r\000e\000l\000a\000c\000i\000o\000n\000a\000d\000o\000s}{}% 27
\BOOKMARK [0][-]{chapter*.34}{\376\377\0007\000.\000\040\000C\000o\000n\000c\000l\000u\000s\000i\000o\000n\000e\000s\000\040\000y\000\040\000L\000\355\000n\000e\000a\000s\000\040\000d\000e\000\040\000t\000r\000a\000b\000a\000j\000o\000\040\000f\000u\000t\000u\000r\000a\000s}{}% 28
\BOOKMARK [0][-]{chapter*.44}{\376\377\000B\000i\000b\000l\000i\000o\000g\000r\000a\000f\000\355\000a}{}% 29
